{"logTime": "0107/125321", "correlationVector":"ejcBGQJzmg1FQnvZWJCF2h.129","action":"GetUpdates", "result":"DeleteReceived", "context":{"id":"b1dddca6-301a-4523-8b1e-0e31654fdd6d", "isDeleted:":"true", "version":"1701174587240"}}
{"logTime": "0107/125321", "correlationVector":"ejcBGQJzmg1FQnvZWJCF2h.130","action":"GetUpdates", "result":"DeleteReceived", "context":{"id":"e00ebe18-16d4-4d01-ae4b-4feffd35a69e", "isDeleted:":"true", "version":"1701174587241"}}
{"logTime": "0107/125321", "correlationVector":"ejcBGQJzmg1FQnvZWJCF2h.131","action":"GetUpdates", "result":"DeleteReceived", "context":{"id":"fe72f7a2-42b5-49a4-9982-5769c90ca4ee", "isDeleted:":"true", "version":"1701176896331"}}
{"logTime": "0107/125321", "correlationVector":"ejcBGQJzmg1FQnvZWJCF2h.132","action":"GetUpdates", "result":"DeleteReceived", "context":{"id":"ed3fba5b-f2cf-4b1c-b5c8-9eae66bc9335", "isDeleted:":"true", "version":"1701220072879"}}
{"logTime": "0107/125321", "correlationVector":"ejcBGQJzmg1FQnvZWJCF2h.133","action":"GetUpdates", "result":"DeleteReceived", "context":{"id":"c3f96789-c98d-4578-a209-435a6c8278e1", "isDeleted:":"true", "version":"1701232903448"}}
{"logTime": "0107/125321", "correlationVector":"ejcBGQJzmg1FQnvZWJCF2h.134","action":"GetUpdates", "result":"DeleteReceived", "context":{"id":"200f2de2-2e7e-4995-a1d9-943f8dcb42da", "isDeleted:":"true", "version":"1701250855683"}}
{"logTime": "0107/125321", "correlationVector":"ejcBGQJzmg1FQnvZWJCF2h.135","action":"GetUpdates", "result":"DeleteReceived", "context":{"id":"3302c5b0-b56d-485b-9846-73c1139d3f33", "isDeleted:":"true", "version":"1701253569418"}}
{"logTime": "0107/125321", "correlationVector":"ejcBGQJzmg1FQnvZWJCF2h.136","action":"GetUpdates", "result":"DeleteReceived", "context":{"id":"cba542f2-4292-439a-8a7e-8a222d2110f6", "isDeleted:":"true", "version":"1701264140065"}}
{"logTime": "0107/125321", "correlationVector":"ejcBGQJzmg1FQnvZWJCF2h.137","action":"GetUpdates", "result":"DeleteReceived", "context":{"id":"6a98c5b1-f4a0-4738-a04e-20bd14975a8f", "isDeleted:":"true", "version":"1701266041202"}}
{"logTime": "0107/125321", "correlationVector":"ejcBGQJzmg1FQnvZWJCF2h.138","action":"GetUpdates", "result":"DeleteReceived", "context":{"id":"c574cc22-106b-4ae6-87d2-8e1ac2181057", "isDeleted:":"true", "version":"1701266041206"}}
{"logTime": "0107/125321", "correlationVector":"ejcBGQJzmg1FQnvZWJCF2h.139","action":"GetUpdates", "result":"DeleteReceived", "context":{"id":"e80404bf-9efa-46cc-93a4-34efd88f08ab", "isDeleted:":"true", "version":"1701267053240"}}
{"logTime": "0107/125321", "correlationVector":"ejcBGQJzmg1FQnvZWJCF2h.140","action":"GetUpdates", "result":"DeleteReceived", "context":{"id":"aed61882-d328-4bd6-b729-a9e1cca71235", "isDeleted:":"true", "version":"1701267599764"}}
{"logTime": "0107/125321", "correlationVector":"ejcBGQJzmg1FQnvZWJCF2h.141","action":"GetUpdates", "result":"DeleteReceived", "context":{"id":"c9ff11a5-165d-4408-992e-5dce88bd3ed1", "isDeleted:":"true", "version":"1701268526937"}}
{"logTime": "0107/125321", "correlationVector":"ejcBGQJzmg1FQnvZWJCF2h.142","action":"GetUpdates", "result":"DeleteReceived", "context":{"id":"61f5e51e-954c-4e63-aef7-12efb00fc1c2", "isDeleted:":"true", "version":"1701268526938"}}
{"logTime": "0107/125321", "correlationVector":"ejcBGQJzmg1FQnvZWJCF2h.143","action":"GetUpdates", "result":"DeleteReceived", "context":{"id":"bec30b77-e16e-48b8-97ae-c67ccc696a65", "isDeleted:":"true", "version":"1701268526939"}}
{"logTime": "0107/125321", "correlationVector":"ejcBGQJzmg1FQnvZWJCF2h.144","action":"GetUpdates", "result":"DeleteReceived", "context":{"id":"6ec829c9-4d60-4cba-b8a9-ed696b56f1dc", "isDeleted:":"true", "version":"1701268526940"}}
{"logTime": "0107/125321", "correlationVector":"ejcBGQJzmg1FQnvZWJCF2h.145","action":"GetUpdates", "result":"DeleteReceived", "context":{"id":"5d889890-d137-4f20-8237-4e65b12b0974", "isDeleted:":"true", "version":"1701268526941"}}
{"logTime": "0107/125321", "correlationVector":"ejcBGQJzmg1FQnvZWJCF2h.146","action":"GetUpdates", "result":"DeleteReceived", "context":{"id":"816bdd23-f86b-4542-b5e2-8461381e31de", "isDeleted:":"true", "version":"1701268548780"}}
{"logTime": "0107/125321", "correlationVector":"ejcBGQJzmg1FQnvZWJCF2h.147","action":"GetUpdates", "result":"DeleteReceived", "context":{"id":"08264e2f-fc41-42ef-8d31-c2ade617331f", "isDeleted:":"true", "version":"1701269077220"}}
{"logTime": "0107/125321", "correlationVector":"ejcBGQJzmg1FQnvZWJCF2h.148","action":"GetUpdates", "result":"DeleteReceived", "context":{"id":"3a6856d6-ed9a-4d71-8d2b-b9ee89eb090a", "isDeleted:":"true", "version":"1701269798200"}}
{"logTime": "0107/125321", "correlationVector":"ejcBGQJzmg1FQnvZWJCF2h.149","action":"GetUpdates", "result":"DeleteReceived", "context":{"id":"dfdebb71-6e54-40af-8e2f-214510a8c277", "isDeleted:":"true", "version":"1701271542568"}}
{"logTime": "0107/125321", "correlationVector":"ejcBGQJzmg1FQnvZWJCF2h.150","action":"GetUpdates", "result":"DeleteReceived", "context":{"id":"7f07d474-4f79-4fa9-bdf9-e50174df4f2f", "isDeleted:":"true", "version":"1701271542569"}}
{"logTime": "0107/125321", "correlationVector":"ejcBGQJzmg1FQnvZWJCF2h.151","action":"GetUpdates", "result":"DeleteReceived", "context":{"id":"e4863e69-a76f-4b22-afc6-913cc79e2559", "isDeleted:":"true", "version":"1701271542570"}}
{"logTime": "0107/125321", "correlationVector":"ejcBGQJzmg1FQnvZWJCF2h.152","action":"GetUpdates", "result":"DeleteReceived", "context":{"id":"df3e059d-164c-4098-b5c3-6a0bce6ec65a", "isDeleted:":"true", "version":"1701271542571"}}
{"logTime": "0107/125321", "correlationVector":"ejcBGQJzmg1FQnvZWJCF2h.153","action":"GetUpdates", "result":"DeleteReceived", "context":{"id":"233d98b9-df50-44bf-ae45-cdf012492754", "isDeleted:":"true", "version":"1701271542572"}}
{"logTime": "0107/125321", "correlationVector":"ejcBGQJzmg1FQnvZWJCF2h.154","action":"GetUpdates", "result":"DeleteReceived", "context":{"id":"01c9dcd2-1f70-417b-8028-7ee4db580a16", "isDeleted:":"true", "version":"1701271542573"}}
{"logTime": "0107/125321", "correlationVector":"ejcBGQJzmg1FQnvZWJCF2h.155","action":"GetUpdates", "result":"DeleteReceived", "context":{"id":"e9059b28-542d-4096-85fe-aa0e17baca12", "isDeleted:":"true", "version":"1701271819515"}}
{"logTime": "0107/125321", "correlationVector":"ejcBGQJzmg1FQnvZWJCF2h.156","action":"GetUpdates", "result":"DeleteReceived", "context":{"id":"63b2d40f-3a63-4528-9560-195667f6a950", "isDeleted:":"true", "version":"1701273162712"}}
{"logTime": "0107/125321", "correlationVector":"ejcBGQJzmg1FQnvZWJCF2h.157","action":"GetUpdates", "result":"DeleteReceived", "context":{"id":"8b3334ef-dcad-426b-9691-5603f86492cf", "isDeleted:":"true", "version":"1701274215202"}}
{"logTime": "0107/125321", "correlationVector":"ejcBGQJzmg1FQnvZWJCF2h.158","action":"GetUpdates", "result":"DeleteReceived", "context":{"id":"e2c9aea7-3d20-4c28-a9a6-78838df7e047", "isDeleted:":"true", "version":"1701274215203"}}
{"logTime": "0107/125321", "correlationVector":"ejcBGQJzmg1FQnvZWJCF2h.159","action":"GetUpdates", "result":"DeleteReceived", "context":{"id":"bd519e1f-714b-4d3a-b87c-3848e6790b50", "isDeleted:":"true", "version":"1701295172148"}}
{"logTime": "0107/125321", "correlationVector":"ejcBGQJzmg1FQnvZWJCF2h.160","action":"GetUpdates", "result":"DeleteReceived", "context":{"id":"a455caa5-e0ec-49e9-8592-42bdf1c8d8ec", "isDeleted:":"true", "version":"1701345301528"}}
{"logTime": "0107/125321", "correlationVector":"ejcBGQJzmg1FQnvZWJCF2h.161","action":"GetUpdates", "result":"DeleteReceived", "context":{"id":"242d04e2-62cb-45f3-b4a4-29c493f23301", "isDeleted:":"true", "version":"1701345301529"}}
{"logTime": "0107/125321", "correlationVector":"ejcBGQJzmg1FQnvZWJCF2h.162","action":"GetUpdates", "result":"DeleteReceived", "context":{"id":"c9d3f3be-1517-4a5a-8fac-b34b44b6991f", "isDeleted:":"true", "version":"1701345301530"}}
{"logTime": "0107/125321", "correlationVector":"ejcBGQJzmg1FQnvZWJCF2h.163","action":"GetUpdates", "result":"DeleteReceived", "context":{"id":"47cc8c88-e9ce-4a7f-bbf6-2bdf7fad94b0", "isDeleted:":"true", "version":"1701345639558"}}
{"logTime": "0107/125321", "correlationVector":"ejcBGQJzmg1FQnvZWJCF2h.164","action":"GetUpdates", "result":"DeleteReceived", "context":{"id":"4359f1e6-72f1-4e2a-a86b-f25de22b38f0", "isDeleted:":"true", "version":"1701351715066"}}
{"logTime": "0107/125321", "correlationVector":"ejcBGQJzmg1FQnvZWJCF2h.165","action":"GetUpdates", "result":"DeleteReceived", "context":{"id":"719a132a-3c8d-473a-9603-a4e22906df81", "isDeleted:":"true", "version":"1701366693983"}}
{"logTime": "0107/125321", "correlationVector":"ejcBGQJzmg1FQnvZWJCF2h.166","action":"GetUpdates", "result":"DeleteReceived", "context":{"id":"90279409-fb4a-4587-b965-16b13331184e", "isDeleted:":"true", "version":"1701366693984"}}
{"logTime": "0107/125321", "correlationVector":"ejcBGQJzmg1FQnvZWJCF2h.167","action":"GetUpdates", "result":"DeleteReceived", "context":{"id":"94d61d57-5957-40a9-bced-5107e414e9ae", "isDeleted:":"true", "version":"1701379394253"}}
{"logTime": "0107/125321", "correlationVector":"ejcBGQJzmg1FQnvZWJCF2h.168","action":"GetUpdates", "result":"DeleteReceived", "context":{"id":"3f89b5b1-f4d5-46ec-ade4-eaba9681e175", "isDeleted:":"true", "version":"1701380936966"}}
{"logTime": "0107/125321", "correlationVector":"ejcBGQJzmg1FQnvZWJCF2h.169","action":"GetUpdates", "result":"DeleteReceived", "context":{"id":"571a6e03-8e3a-4887-abbc-1441b5f97fea", "isDeleted:":"true", "version":"1701388532137"}}
{"logTime": "0107/125321", "correlationVector":"ejcBGQJzmg1FQnvZWJCF2h.170","action":"GetUpdates", "result":"DeleteReceived", "context":{"id":"30fcf4b1-964b-4f5d-8f75-fddaa285831f", "isDeleted:":"true", "version":"1701414566568"}}
{"logTime": "0107/125321", "correlationVector":"ejcBGQJzmg1FQnvZWJCF2h.171","action":"GetUpdates", "result":"DeleteReceived", "context":{"id":"6df206da-6c98-46a9-a7ac-db2cb33f9203", "isDeleted:":"true", "version":"1701415291850"}}
{"logTime": "0107/125321", "correlationVector":"ejcBGQJzmg1FQnvZWJCF2h.172","action":"GetUpdates", "result":"DeleteReceived", "context":{"id":"feb4939e-7638-49f9-bd4a-7fe6bd879f4f", "isDeleted:":"true", "version":"1701415291851"}}
{"logTime": "0107/125321", "correlationVector":"ejcBGQJzmg1FQnvZWJCF2h.173","action":"GetUpdates", "result":"DeleteReceived", "context":{"id":"3358e84d-0094-49fa-930f-d285d27e422a", "isDeleted:":"true", "version":"1701477136282"}}
{"logTime": "0107/125321", "correlationVector":"ejcBGQJzmg1FQnvZWJCF2h.174","action":"GetUpdates", "result":"DeleteReceived", "context":{"id":"6e18146b-7d90-4eef-b38c-096f573fb68c", "isDeleted:":"true", "version":"1701481245074"}}
{"logTime": "0107/125321", "correlationVector":"ejcBGQJzmg1FQnvZWJCF2h.175","action":"GetUpdates", "result":"DeleteReceived", "context":{"id":"6d8c801d-3701-47a7-99ee-007177d706a3", "isDeleted:":"true", "version":"1701486080813"}}
{"logTime": "0107/125321", "correlationVector":"ejcBGQJzmg1FQnvZWJCF2h.176","action":"GetUpdates", "result":"DeleteReceived", "context":{"id":"926d22ac-c555-4e40-82e2-5e4e4001cc61", "isDeleted:":"true", "version":"1701486080814"}}
{"logTime": "0107/125321", "correlationVector":"ejcBGQJzmg1FQnvZWJCF2h.177","action":"GetUpdates", "result":"DeleteReceived", "context":{"id":"ee4f274a-6859-446b-ae6c-cb5c35e37e6a", "isDeleted:":"true", "version":"1701487311385"}}
{"logTime": "0107/125321", "correlationVector":"ejcBGQJzmg1FQnvZWJCF2h.178","action":"GetUpdates", "result":"DeleteReceived", "context":{"id":"64c7ec7c-2ff7-4a71-80f1-822089673460", "isDeleted:":"true", "version":"1701487311386"}}
{"logTime": "0107/125321", "correlationVector":"ejcBGQJzmg1FQnvZWJCF2h.179","action":"GetUpdates", "result":"DeleteReceived", "context":{"id":"c01fa508-a074-4fac-a283-daaac8ffcff4", "isDeleted:":"true", "version":"1701488031501"}}
{"logTime": "0107/125321", "correlationVector":"ejcBGQJzmg1FQnvZWJCF2h.180","action":"GetUpdates", "result":"DeleteReceived", "context":{"id":"9e3420a7-633a-4737-9ae3-0bcf0cb222a6", "isDeleted:":"true", "version":"1701489144295"}}
{"logTime": "0107/125321", "correlationVector":"ejcBGQJzmg1FQnvZWJCF2h.181","action":"GetUpdates", "result":"DeleteReceived", "context":{"id":"c4786419-7cdd-41fe-b0da-876d7f4ffa11", "isDeleted:":"true", "version":"1701491301247"}}
{"logTime": "0107/125321", "correlationVector":"ejcBGQJzmg1FQnvZWJCF2h.182","action":"GetUpdates", "result":"DeleteReceived", "context":{"id":"e262dfdf-a956-4a4f-aa2e-783c43511f7f", "isDeleted:":"true", "version":"1701491301248"}}
{"logTime": "0107/125321", "correlationVector":"ejcBGQJzmg1FQnvZWJCF2h.183","action":"GetUpdates", "result":"DeleteReceived", "context":{"id":"cd54bd8a-167f-4d12-8edd-5e14da76b683", "isDeleted:":"true", "version":"1701491301249"}}
{"logTime": "0107/125321", "correlationVector":"ejcBGQJzmg1FQnvZWJCF2h.184","action":"GetUpdates", "result":"DeleteReceived", "context":{"id":"958950a1-3254-4315-b8ae-8605d49bbd03", "isDeleted:":"true", "version":"1701504417399"}}
{"logTime": "0107/125321", "correlationVector":"ejcBGQJzmg1FQnvZWJCF2h.185","action":"GetUpdates", "result":"DeleteReceived", "context":{"id":"020ffd6b-68ae-4699-8b48-1d38c71e6965", "isDeleted:":"true", "version":"1701518209195"}}
{"logTime": "0107/125321", "correlationVector":"ejcBGQJzmg1FQnvZWJCF2h.186","action":"GetUpdates", "result":"DeleteReceived", "context":{"id":"aa10592c-39c6-4998-8f33-3ee6e1edd0d6", "isDeleted:":"true", "version":"1701532030211"}}
{"logTime": "0107/125321", "correlationVector":"ejcBGQJzmg1FQnvZWJCF2h.187","action":"GetUpdates", "result":"DeleteReceived", "context":{"id":"209ba77c-628e-4c69-a442-afe409467fef", "isDeleted:":"true", "version":"1701532030212"}}
{"logTime": "0107/125321", "correlationVector":"ejcBGQJzmg1FQnvZWJCF2h.188","action":"GetUpdates", "result":"DeleteReceived", "context":{"id":"c6aca230-6c67-44b2-87fb-8e3b00c1f472", "isDeleted:":"true", "version":"1701532030213"}}
{"logTime": "0107/125321", "correlationVector":"ejcBGQJzmg1FQnvZWJCF2h.189","action":"GetUpdates", "result":"DeleteReceived", "context":{"id":"ddbf5f8b-4ccf-4d45-8e06-f3b659757d10", "isDeleted:":"true", "version":"1701537562156"}}
{"logTime": "0107/125321", "correlationVector":"ejcBGQJzmg1FQnvZWJCF2h.190","action":"GetUpdates", "result":"DeleteReceived", "context":{"id":"fb39c867-d8fb-451c-af44-44ba625ca01c", "isDeleted:":"true", "version":"1701565691305"}}
{"logTime": "0107/125321", "correlationVector":"ejcBGQJzmg1FQnvZWJCF2h.191","action":"GetUpdates", "result":"DeleteReceived", "context":{"id":"48960b81-3200-44f6-9ffe-9d4dc2d7b7f1", "isDeleted:":"true", "version":"1701565724510"}}
{"logTime": "0107/125321", "correlationVector":"ejcBGQJzmg1FQnvZWJCF2h.192","action":"GetUpdates", "result":"DeleteReceived", "context":{"id":"2a70b0bc-3c2e-4a72-a790-0a28c1f83fbc", "isDeleted:":"true", "version":"1701584919781"}}
{"logTime": "0107/125321", "correlationVector":"ejcBGQJzmg1FQnvZWJCF2h.193","action":"GetUpdates", "result":"DeleteReceived", "context":{"id":"39bbf0db-4231-43ff-a40c-fcbfd82707b4", "isDeleted:":"true", "version":"1701585649322"}}
{"logTime": "0107/125321", "correlationVector":"ejcBGQJzmg1FQnvZWJCF2h.194","action":"GetUpdates", "result":"DeleteReceived", "context":{"id":"bc25ad1f-9fe6-4b56-bb6c-5891d73cabd6", "isDeleted:":"true", "version":"1701588468438"}}
{"logTime": "0107/125321", "correlationVector":"ejcBGQJzmg1FQnvZWJCF2h.195","action":"GetUpdates", "result":"DeleteReceived", "context":{"id":"84e226de-5390-4806-85dd-5d13adbf291d", "isDeleted:":"true", "version":"1701620594304"}}
{"logTime": "0107/125321", "correlationVector":"ejcBGQJzmg1FQnvZWJCF2h.196","action":"GetUpdates", "result":"DeleteReceived", "context":{"id":"a38553b1-5732-4ede-a878-e5d66fc460c4", "isDeleted:":"true", "version":"1701620594305"}}
{"logTime": "0107/125321", "correlationVector":"ejcBGQJzmg1FQnvZWJCF2h.197","action":"GetUpdates", "result":"DeleteReceived", "context":{"id":"ae528943-7bef-47e2-bd13-703eb9a8f28b", "isDeleted:":"true", "version":"1701622295925"}}
{"logTime": "0107/125321", "correlationVector":"ejcBGQJzmg1FQnvZWJCF2h.198","action":"GetUpdates", "result":"DeleteReceived", "context":{"id":"e04fb9b5-c780-435d-99aa-eb83d16fd144", "isDeleted:":"true", "version":"1701646273330"}}
{"logTime": "0107/125321", "correlationVector":"ejcBGQJzmg1FQnvZWJCF2h.199","action":"GetUpdates", "result":"DeleteReceived", "context":{"id":"461420f5-b043-4527-8233-87a71bc6cd70", "isDeleted:":"true", "version":"1701667866480"}}
{"logTime": "0107/125321", "correlationVector":"ejcBGQJzmg1FQnvZWJCF2h.200","action":"GetUpdates", "result":"DeleteReceived", "context":{"id":"c57ead0e-4867-463d-be11-b820e00b8302", "isDeleted:":"true", "version":"1701667866481"}}
{"logTime": "0107/125321", "correlationVector":"ejcBGQJzmg1FQnvZWJCF2h.201","action":"GetUpdates", "result":"DeleteReceived", "context":{"id":"43a21974-2f5e-415f-8a3e-3a633daffb2b", "isDeleted:":"true", "version":"1701669347098"}}
{"logTime": "0107/125321", "correlationVector":"ejcBGQJzmg1FQnvZWJCF2h.202","action":"GetUpdates", "result":"DeleteReceived", "context":{"id":"75f28e40-90c1-4995-859d-6314bcc18380", "isDeleted:":"true", "version":"1701670221268"}}
{"logTime": "0107/125321", "correlationVector":"ejcBGQJzmg1FQnvZWJCF2h.203","action":"GetUpdates", "result":"DeleteReceived", "context":{"id":"c0d7fec4-2acf-4d22-9b8b-4db04b511f78", "isDeleted:":"true", "version":"1701670221269"}}
{"logTime": "0107/125321", "correlationVector":"ejcBGQJzmg1FQnvZWJCF2h.204","action":"GetUpdates", "result":"DeleteReceived", "context":{"id":"102964ec-c6c5-4e09-8720-0ff9078965ea", "isDeleted:":"true", "version":"1701675676067"}}
{"logTime": "0107/125321", "correlationVector":"ejcBGQJzmg1FQnvZWJCF2h.205","action":"GetUpdates", "result":"DeleteReceived", "context":{"id":"26b7a97a-b251-4a85-b308-d468af263f45", "isDeleted:":"true", "version":"1701689414366"}}
{"logTime": "0107/125321", "correlationVector":"ejcBGQJzmg1FQnvZWJCF2h.206","action":"GetUpdates", "result":"DeleteReceived", "context":{"id":"0a4b4ab4-60a0-4dc1-a016-482ec5c08393", "isDeleted:":"true", "version":"1701689414367"}}
{"logTime": "0107/125321", "correlationVector":"ejcBGQJzmg1FQnvZWJCF2h.207","action":"GetUpdates", "result":"DeleteReceived", "context":{"id":"497ddaf6-c78c-4711-a29d-359b36e0b9da", "isDeleted:":"true", "version":"1701689414368"}}
{"logTime": "0107/125321", "correlationVector":"ejcBGQJzmg1FQnvZWJCF2h.208","action":"GetUpdates", "result":"DeleteReceived", "context":{"id":"7f784cfd-ddcf-4a47-948a-abcc8bd13974", "isDeleted:":"true", "version":"1701689414369"}}
{"logTime": "0107/125321", "correlationVector":"ejcBGQJzmg1FQnvZWJCF2h.209","action":"GetUpdates", "result":"DeleteReceived", "context":{"id":"3757d450-c343-42fb-abd7-133af059ecce", "isDeleted:":"true", "version":"1701703787649"}}
{"logTime": "0107/125321", "correlationVector":"ejcBGQJzmg1FQnvZWJCF2h.210","action":"GetUpdates", "result":"DeleteReceived", "context":{"id":"bb50d71c-4756-4974-85a2-d31d3661fc35", "isDeleted:":"true", "version":"1701704280394"}}
{"logTime": "0107/125321", "correlationVector":"ejcBGQJzmg1FQnvZWJCF2h.211","action":"GetUpdates", "result":"DeleteReceived", "context":{"id":"42b3860d-1568-4484-b16a-d28f74203da9", "isDeleted:":"true", "version":"1701705329476"}}
{"logTime": "0107/125321", "correlationVector":"ejcBGQJzmg1FQnvZWJCF2h.212","action":"GetUpdates", "result":"DeleteReceived", "context":{"id":"139ec09f-e78e-4a41-aafe-1dc975689264", "isDeleted:":"true", "version":"1701778669598"}}
{"logTime": "0107/125321", "correlationVector":"ejcBGQJzmg1FQnvZWJCF2h.213","action":"GetUpdates", "result":"DeleteReceived", "context":{"id":"8d1728c7-c5ad-4821-bb18-988fe8d9604d", "isDeleted:":"true", "version":"1701778669599"}}
{"logTime": "0107/125321", "correlationVector":"ejcBGQJzmg1FQnvZWJCF2h.214","action":"GetUpdates", "result":"DeleteReceived", "context":{"id":"77416886-f8c7-4682-9972-f46d8c05698e", "isDeleted:":"true", "version":"1701796927944"}}
{"logTime": "0107/125321", "correlationVector":"ejcBGQJzmg1FQnvZWJCF2h.215","action":"GetUpdates", "result":"DeleteReceived", "context":{"id":"6b5d331c-ea75-4814-9e23-b4ebaee07a11", "isDeleted:":"true", "version":"1701842157672"}}
{"logTime": "0107/125321", "correlationVector":"ejcBGQJzmg1FQnvZWJCF2h.216","action":"GetUpdates", "result":"DeleteReceived", "context":{"id":"35bdada2-1e6f-4fe6-b08b-c55595ae7dd5", "isDeleted:":"true", "version":"1701852791768"}}
{"logTime": "0107/125321", "correlationVector":"ejcBGQJzmg1FQnvZWJCF2h.217","action":"GetUpdates", "result":"DeleteReceived", "context":{"id":"7a061c1e-e3b9-4876-b45b-08a6134a8e9c", "isDeleted:":"true", "version":"1701852791769"}}
{"logTime": "0107/125321", "correlationVector":"ejcBGQJzmg1FQnvZWJCF2h.218","action":"GetUpdates", "result":"DeleteReceived", "context":{"id":"98e88788-bd7d-4c0b-aca5-0a3c863d0823", "isDeleted:":"true", "version":"1701860357098"}}
{"logTime": "0107/125321", "correlationVector":"ejcBGQJzmg1FQnvZWJCF2h.219","action":"GetUpdates", "result":"DeleteReceived", "context":{"id":"251dc669-32d0-4358-ad87-28c951347a18", "isDeleted:":"true", "version":"1701860652538"}}
{"logTime": "0107/125321", "correlationVector":"ejcBGQJzmg1FQnvZWJCF2h.220","action":"GetUpdates", "result":"DeleteReceived", "context":{"id":"29573d58-8bd3-47f3-89cd-2ad7620a4f2e", "isDeleted:":"true", "version":"1701877544449"}}
{"logTime": "0107/125321", "correlationVector":"ejcBGQJzmg1FQnvZWJCF2h.221","action":"GetUpdates", "result":"DeleteReceived", "context":{"id":"9ca171f1-7de6-4f8f-bce5-698b2336aed9", "isDeleted:":"true", "version":"1701928633611"}}
{"logTime": "0107/125321", "correlationVector":"ejcBGQJzmg1FQnvZWJCF2h.222","action":"GetUpdates", "result":"DeleteReceived", "context":{"id":"63d5fbee-cb88-4226-b192-7eafc41dbeb5", "isDeleted:":"true", "version":"1701932573530"}}
{"logTime": "0107/125321", "correlationVector":"ejcBGQJzmg1FQnvZWJCF2h.223","action":"GetUpdates", "result":"DeleteReceived", "context":{"id":"ec17f201-f36a-480c-b959-905c7492e589", "isDeleted:":"true", "version":"1701932573531"}}
{"logTime": "0107/125321", "correlationVector":"ejcBGQJzmg1FQnvZWJCF2h.224","action":"GetUpdates Response", "result":"SERVER_MORE_TO_DOWNLOAD", "context":Received 250 update(s).  Some updates remain.}
{"logTime": "0107/125321", "correlationVector":"J1B1wBSQ2/sBwHoSEIjtqb","action":"Initial GetUpdates", "result":"", "context":Reason: NEWLY_SUPPORTED_DATATYPE. cV=J1B1wBSQ2/sBwHoSEIjtqb}
{"logTime": "0107/125322", "correlationVector":"J1B1wBSQ2/sBwHoSEIjtqb.1","action":"SyncServerConnectionManagerRequest", "result":"SYNC_SERVER_OK", "context":{"environment":"Prod_SoutheastAsia_000j", "migrationStage":"NotStarted", "server":"GENERAL0100000Z"}}
{"logTime": "0107/125322", "correlationVector":"J1B1wBSQ2/sBwHoSEIjtqb.2","action":"GetUpdates", "result":"DeleteReceived", "context":{"id":"ac30c4e1-d36b-4759-879e-5399e4e76b1e", "isDeleted:":"true", "version":"1702957807095"}}
{"logTime": "0107/125322", "correlationVector":"J1B1wBSQ2/sBwHoSEIjtqb.3","action":"GetUpdates", "result":"DeleteReceived", "context":{"id":"29e0a017-eb97-4634-8532-97bf066032ac", "isDeleted:":"true", "version":"1702957934897"}}
{"logTime": "0107/125322", "correlationVector":"J1B1wBSQ2/sBwHoSEIjtqb.4","action":"GetUpdates", "result":"DeleteReceived", "context":{"id":"47ba197f-a1df-4b67-9c12-dce4dae876a8", "isDeleted:":"true", "version":"1702957936860"}}
{"logTime": "0107/125322", "correlationVector":"J1B1wBSQ2/sBwHoSEIjtqb.5","action":"GetUpdates", "result":"DeleteReceived", "context":{"id":"f0b779b9-24d0-4466-bc42-dd851bb558ee", "isDeleted:":"true", "version":"1701933407296"}}
{"logTime": "0107/125322", "correlationVector":"J1B1wBSQ2/sBwHoSEIjtqb.6","action":"GetUpdates", "result":"DeleteReceived", "context":{"id":"8c56b780-82c0-4695-8550-e75c271e2eae", "isDeleted:":"true", "version":"1701933407297"}}
{"logTime": "0107/125322", "correlationVector":"J1B1wBSQ2/sBwHoSEIjtqb.7","action":"GetUpdates", "result":"DeleteReceived", "context":{"id":"3e2478e4-3a62-4751-acb2-04d99b668039", "isDeleted:":"true", "version":"1701933407298"}}
{"logTime": "0107/125322", "correlationVector":"J1B1wBSQ2/sBwHoSEIjtqb.8","action":"GetUpdates", "result":"DeleteReceived", "context":{"id":"6e0af860-1b31-4487-a713-c3d185638de5", "isDeleted:":"true", "version":"1701933407299"}}
{"logTime": "0107/125322", "correlationVector":"J1B1wBSQ2/sBwHoSEIjtqb.9","action":"GetUpdates", "result":"DeleteReceived", "context":{"id":"be051c1b-14f8-4822-8883-0fdaa13b2d42", "isDeleted:":"true", "version":"1701933407301"}}
{"logTime": "0107/125322", "correlationVector":"J1B1wBSQ2/sBwHoSEIjtqb.10","action":"GetUpdates", "result":"DeleteReceived", "context":{"id":"09507393-dae9-4157-8679-1339c4d67311", "isDeleted:":"true", "version":"1701936251992"}}
{"logTime": "0107/125322", "correlationVector":"J1B1wBSQ2/sBwHoSEIjtqb.11","action":"GetUpdates", "result":"DeleteReceived", "context":{"id":"f551094a-a5a8-4814-9cd8-15c2b1f61b77", "isDeleted:":"true", "version":"1701938221367"}}
{"logTime": "0107/125322", "correlationVector":"J1B1wBSQ2/sBwHoSEIjtqb.12","action":"GetUpdates", "result":"DeleteReceived", "context":{"id":"6ac8a25f-6123-4c2e-9fa1-ebd8cf3ca03c", "isDeleted:":"true", "version":"1701938221369"}}
{"logTime": "0107/125322", "correlationVector":"J1B1wBSQ2/sBwHoSEIjtqb.13","action":"GetUpdates", "result":"DeleteReceived", "context":{"id":"12695679-d250-4639-b831-020e14b08400", "isDeleted:":"true", "version":"1701948128496"}}
{"logTime": "0107/125322", "correlationVector":"J1B1wBSQ2/sBwHoSEIjtqb.14","action":"GetUpdates", "result":"DeleteReceived", "context":{"id":"6e38c8c8-1bc9-44ae-ab23-751d2c0217d9", "isDeleted:":"true", "version":"1701949801809"}}
{"logTime": "0107/125322", "correlationVector":"J1B1wBSQ2/sBwHoSEIjtqb.15","action":"GetUpdates", "result":"DeleteReceived", "context":{"id":"779cc588-8cb0-489f-88d2-80b974b239d8", "isDeleted:":"true", "version":"1702005448251"}}
{"logTime": "0107/125322", "correlationVector":"J1B1wBSQ2/sBwHoSEIjtqb.16","action":"GetUpdates", "result":"DeleteReceived", "context":{"id":"e34f286d-ae48-48ce-8f21-b4d3a3133cba", "isDeleted:":"true", "version":"1702007100230"}}
{"logTime": "0107/125322", "correlationVector":"J1B1wBSQ2/sBwHoSEIjtqb.17","action":"GetUpdates", "result":"DeleteReceived", "context":{"id":"5f7d0683-473a-4b61-b9bb-21daf67ed7a0", "isDeleted:":"true", "version":"1702007343944"}}
{"logTime": "0107/125322", "correlationVector":"J1B1wBSQ2/sBwHoSEIjtqb.18","action":"GetUpdates", "result":"DeleteReceived", "context":{"id":"ef3d2b00-20a9-454a-a8e5-f6c75e7fb1d4", "isDeleted:":"true", "version":"1702007343945"}}
{"logTime": "0107/125322", "correlationVector":"J1B1wBSQ2/sBwHoSEIjtqb.19","action":"GetUpdates", "result":"DeleteReceived", "context":{"id":"e3d06d61-46d7-435b-9d26-de55548143d7", "isDeleted:":"true", "version":"1702007343946"}}
{"logTime": "0107/125322", "correlationVector":"J1B1wBSQ2/sBwHoSEIjtqb.20","action":"GetUpdates", "result":"DeleteReceived", "context":{"id":"e3c111af-b887-4d6b-ae39-645527d08dee", "isDeleted:":"true", "version":"1702007343947"}}
{"logTime": "0107/125322", "correlationVector":"J1B1wBSQ2/sBwHoSEIjtqb.21","action":"GetUpdates", "result":"DeleteReceived", "context":{"id":"a6a363cb-de48-454e-8685-7f8e245368a4", "isDeleted:":"true", "version":"1702020364224"}}
{"logTime": "0107/125322", "correlationVector":"J1B1wBSQ2/sBwHoSEIjtqb.22","action":"GetUpdates", "result":"DeleteReceived", "context":{"id":"c76c2648-b525-443c-8373-3e8c9dcd1927", "isDeleted:":"true", "version":"1702020662584"}}
{"logTime": "0107/125322", "correlationVector":"J1B1wBSQ2/sBwHoSEIjtqb.23","action":"GetUpdates", "result":"DeleteReceived", "context":{"id":"4e0d9de4-6d80-4892-a6d3-43ee98bed8a4", "isDeleted:":"true", "version":"1702037064088"}}
{"logTime": "0107/125322", "correlationVector":"J1B1wBSQ2/sBwHoSEIjtqb.24","action":"GetUpdates", "result":"DeleteReceived", "context":{"id":"2e6f6c4e-8d9f-4cb6-81c4-87e5cbcca019", "isDeleted:":"true", "version":"1702037103000"}}
{"logTime": "0107/125322", "correlationVector":"J1B1wBSQ2/sBwHoSEIjtqb.25","action":"GetUpdates", "result":"DeleteReceived", "context":{"id":"f06b0f07-d756-4671-8a51-56356f8822eb", "isDeleted:":"true", "version":"1702037103001"}}
{"logTime": "0107/125322", "correlationVector":"J1B1wBSQ2/sBwHoSEIjtqb.26","action":"GetUpdates", "result":"DeleteReceived", "context":{"id":"cadeba60-6b2b-4da0-b0ec-406923a01f03", "isDeleted:":"true", "version":"1702037994611"}}
{"logTime": "0107/125322", "correlationVector":"J1B1wBSQ2/sBwHoSEIjtqb.27","action":"GetUpdates", "result":"DeleteReceived", "context":{"id":"028f3d98-dc51-4dc6-bcde-495175a4c05a", "isDeleted:":"true", "version":"1702037994612"}}
{"logTime": "0107/125322", "correlationVector":"J1B1wBSQ2/sBwHoSEIjtqb.28","action":"GetUpdates", "result":"DeleteReceived", "context":{"id":"fc00ada3-e730-4568-860d-dd0ac919c0f7", "isDeleted:":"true", "version":"1702037994613"}}
{"logTime": "0107/125322", "correlationVector":"J1B1wBSQ2/sBwHoSEIjtqb.29","action":"GetUpdates", "result":"DeleteReceived", "context":{"id":"a14d97bc-5d79-4840-84f4-05fbbfe8d465", "isDeleted:":"true", "version":"1702078732492"}}
{"logTime": "0107/125322", "correlationVector":"J1B1wBSQ2/sBwHoSEIjtqb.30","action":"GetUpdates", "result":"DeleteReceived", "context":{"id":"f6af51af-aa0f-45f4-b721-ecfa3b3685ed", "isDeleted:":"true", "version":"1702078732493"}}
{"logTime": "0107/125322", "correlationVector":"J1B1wBSQ2/sBwHoSEIjtqb.31","action":"GetUpdates", "result":"DeleteReceived", "context":{"id":"13a7f72b-4236-4fd8-9421-d218c7d12bc4", "isDeleted:":"true", "version":"1702078732494"}}
{"logTime": "0107/125322", "correlationVector":"J1B1wBSQ2/sBwHoSEIjtqb.32","action":"GetUpdates", "result":"DeleteReceived", "context":{"id":"93ccd14c-568f-4899-84f1-c97573ce62a4", "isDeleted:":"true", "version":"1702104888645"}}
{"logTime": "0107/125322", "correlationVector":"J1B1wBSQ2/sBwHoSEIjtqb.33","action":"GetUpdates", "result":"DeleteReceived", "context":{"id":"8e32e3b6-f4fe-4233-a117-2eabc1301016", "isDeleted:":"true", "version":"1702117153557"}}
{"logTime": "0107/125322", "correlationVector":"J1B1wBSQ2/sBwHoSEIjtqb.34","action":"GetUpdates", "result":"DeleteReceived", "context":{"id":"01accd23-2c6a-4044-8e0e-29aacf24d76a", "isDeleted:":"true", "version":"1702117153558"}}
{"logTime": "0107/125322", "correlationVector":"J1B1wBSQ2/sBwHoSEIjtqb.35","action":"GetUpdates", "result":"DeleteReceived", "context":{"id":"77ff6674-4f3a-4fba-9608-d6de9426d7b2", "isDeleted:":"true", "version":"1702117153559"}}
{"logTime": "0107/125322", "correlationVector":"J1B1wBSQ2/sBwHoSEIjtqb.36","action":"GetUpdates", "result":"DeleteReceived", "context":{"id":"1c88daca-1bdb-4b6f-a7cc-75c05ee13f39", "isDeleted:":"true", "version":"1702134640260"}}
{"logTime": "0107/125322", "correlationVector":"J1B1wBSQ2/sBwHoSEIjtqb.37","action":"GetUpdates", "result":"DeleteReceived", "context":{"id":"927f7a3c-cb5f-42f6-ac93-3e0a47cc1708", "isDeleted:":"true", "version":"1702138208032"}}
{"logTime": "0107/125322", "correlationVector":"J1B1wBSQ2/sBwHoSEIjtqb.38","action":"GetUpdates", "result":"DeleteReceived", "context":{"id":"2c986d1a-826d-414b-85b0-71f489569a7b", "isDeleted:":"true", "version":"1702166007998"}}
{"logTime": "0107/125322", "correlationVector":"J1B1wBSQ2/sBwHoSEIjtqb.39","action":"GetUpdates", "result":"DeleteReceived", "context":{"id":"c946ae69-60e6-4f30-8260-6f7e556274c6", "isDeleted:":"true", "version":"1702166007999"}}
{"logTime": "0107/125322", "correlationVector":"J1B1wBSQ2/sBwHoSEIjtqb.40","action":"GetUpdates", "result":"DeleteReceived", "context":{"id":"19230ba9-1c70-4432-b775-fead82596881", "isDeleted:":"true", "version":"1702166008000"}}
{"logTime": "0107/125322", "correlationVector":"J1B1wBSQ2/sBwHoSEIjtqb.41","action":"GetUpdates", "result":"DeleteReceived", "context":{"id":"02d4981b-71fd-4481-9e81-efabae75f940", "isDeleted:":"true", "version":"1702166008001"}}
{"logTime": "0107/125322", "correlationVector":"J1B1wBSQ2/sBwHoSEIjtqb.42","action":"GetUpdates", "result":"DeleteReceived", "context":{"id":"e62496fc-362f-476a-bebd-3878414802a8", "isDeleted:":"true", "version":"1702208078931"}}
{"logTime": "0107/125322", "correlationVector":"J1B1wBSQ2/sBwHoSEIjtqb.43","action":"GetUpdates", "result":"DeleteReceived", "context":{"id":"94bf3c29-b624-44fb-b03c-e5fbbeb6d454", "isDeleted:":"true", "version":"1702246821582"}}
{"logTime": "0107/125322", "correlationVector":"J1B1wBSQ2/sBwHoSEIjtqb.44","action":"GetUpdates", "result":"DeleteReceived", "context":{"id":"1d91b9b4-ac3d-4e83-a020-8269a2a48369", "isDeleted:":"true", "version":"1702262511415"}}
{"logTime": "0107/125322", "correlationVector":"J1B1wBSQ2/sBwHoSEIjtqb.45","action":"GetUpdates", "result":"DeleteReceived", "context":{"id":"7d40d913-6daa-48d4-b7a5-8085e30d61db", "isDeleted:":"true", "version":"1702264170967"}}
{"logTime": "0107/125322", "correlationVector":"J1B1wBSQ2/sBwHoSEIjtqb.46","action":"GetUpdates", "result":"DeleteReceived", "context":{"id":"11fc9f8d-1a3c-4f08-98db-145eceb71dfd", "isDeleted:":"true", "version":"1702277059440"}}
{"logTime": "0107/125322", "correlationVector":"J1B1wBSQ2/sBwHoSEIjtqb.47","action":"GetUpdates", "result":"DeleteReceived", "context":{"id":"7478de29-8411-40f0-8a96-b2ee034d283f", "isDeleted:":"true", "version":"1702277059441"}}
{"logTime": "0107/125322", "correlationVector":"J1B1wBSQ2/sBwHoSEIjtqb.48","action":"GetUpdates", "result":"DeleteReceived", "context":{"id":"97e33153-866d-4f26-ae7e-29fc1f727608", "isDeleted:":"true", "version":"1702277059442"}}
{"logTime": "0107/125322", "correlationVector":"J1B1wBSQ2/sBwHoSEIjtqb.49","action":"GetUpdates", "result":"DeleteReceived", "context":{"id":"c8205ea4-60b5-4e60-9c83-481cc3435b8d", "isDeleted:":"true", "version":"1702292503954"}}
{"logTime": "0107/125322", "correlationVector":"J1B1wBSQ2/sBwHoSEIjtqb.50","action":"GetUpdates", "result":"DeleteReceived", "context":{"id":"9fd14f68-3107-47f7-99a2-6f26549dd31a", "isDeleted:":"true", "version":"1702292503955"}}
{"logTime": "0107/125322", "correlationVector":"J1B1wBSQ2/sBwHoSEIjtqb.51","action":"GetUpdates", "result":"DeleteReceived", "context":{"id":"04b1f04c-1ffb-4b0e-b56c-85c6877c85d5", "isDeleted:":"true", "version":"1702294344732"}}
{"logTime": "0107/125322", "correlationVector":"J1B1wBSQ2/sBwHoSEIjtqb.52","action":"GetUpdates", "result":"DeleteReceived", "context":{"id":"46c860ea-8b66-41ec-8a96-8fec27685380", "isDeleted:":"true", "version":"1702294344733"}}
{"logTime": "0107/125322", "correlationVector":"J1B1wBSQ2/sBwHoSEIjtqb.53","action":"GetUpdates", "result":"DeleteReceived", "context":{"id":"4c0d1e7d-49f5-42f0-a7dd-8f6f0e5b3f43", "isDeleted:":"true", "version":"1702294344734"}}
{"logTime": "0107/125322", "correlationVector":"J1B1wBSQ2/sBwHoSEIjtqb.54","action":"GetUpdates", "result":"DeleteReceived", "context":{"id":"f7647449-722a-4fc1-acda-7a084ed9edbb", "isDeleted:":"true", "version":"1702294344735"}}
{"logTime": "0107/125322", "correlationVector":"J1B1wBSQ2/sBwHoSEIjtqb.55","action":"GetUpdates", "result":"DeleteReceived", "context":{"id":"a231add3-6869-475e-9686-822a687ea096", "isDeleted:":"true", "version":"1702428154367"}}
{"logTime": "0107/125322", "correlationVector":"J1B1wBSQ2/sBwHoSEIjtqb.56","action":"GetUpdates", "result":"DeleteReceived", "context":{"id":"b5677efb-d3ff-4e76-8fa9-35e370e3497f", "isDeleted:":"true", "version":"1702430470762"}}
{"logTime": "0107/125322", "correlationVector":"J1B1wBSQ2/sBwHoSEIjtqb.57","action":"GetUpdates", "result":"DeleteReceived", "context":{"id":"cc01a7de-237e-4443-bccc-cf41fea39e0e", "isDeleted:":"true", "version":"1702472014935"}}
{"logTime": "0107/125322", "correlationVector":"J1B1wBSQ2/sBwHoSEIjtqb.58","action":"GetUpdates", "result":"DeleteReceived", "context":{"id":"34933702-82df-4594-900e-06584370d52f", "isDeleted:":"true", "version":"1702472014937"}}
{"logTime": "0107/125322", "correlationVector":"J1B1wBSQ2/sBwHoSEIjtqb.59","action":"GetUpdates", "result":"DeleteReceived", "context":{"id":"79e50044-09ed-4e80-9bed-a55b25b23559", "isDeleted:":"true", "version":"1702504874394"}}
{"logTime": "0107/125322", "correlationVector":"J1B1wBSQ2/sBwHoSEIjtqb.60","action":"GetUpdates", "result":"DeleteReceived", "context":{"id":"159b6519-c5ca-4fac-9661-d72c642213f8", "isDeleted:":"true", "version":"1702504874395"}}
{"logTime": "0107/125322", "correlationVector":"J1B1wBSQ2/sBwHoSEIjtqb.61","action":"GetUpdates", "result":"DeleteReceived", "context":{"id":"d4915fd0-9628-4e48-bede-45787e73f400", "isDeleted:":"true", "version":"1702504874396"}}
{"logTime": "0107/125322", "correlationVector":"J1B1wBSQ2/sBwHoSEIjtqb.62","action":"GetUpdates", "result":"DeleteReceived", "context":{"id":"19f31bee-73f2-4b02-8fbb-7ea90e5b9919", "isDeleted:":"true", "version":"1702531296422"}}
{"logTime": "0107/125322", "correlationVector":"J1B1wBSQ2/sBwHoSEIjtqb.63","action":"GetUpdates", "result":"DeleteReceived", "context":{"id":"afcf256c-5eaf-43c3-9740-c0bfa93b100d", "isDeleted:":"true", "version":"1702560725330"}}
{"logTime": "0107/125322", "correlationVector":"J1B1wBSQ2/sBwHoSEIjtqb.64","action":"GetUpdates", "result":"DeleteReceived", "context":{"id":"3da919f2-c917-4707-8298-0cb3796c3b40", "isDeleted:":"true", "version":"1702560725332"}}
{"logTime": "0107/125322", "correlationVector":"J1B1wBSQ2/sBwHoSEIjtqb.65","action":"GetUpdates", "result":"DeleteReceived", "context":{"id":"da769945-10ea-4f5f-9443-ddcaee80409a", "isDeleted:":"true", "version":"1702561337282"}}
{"logTime": "0107/125322", "correlationVector":"J1B1wBSQ2/sBwHoSEIjtqb.66","action":"GetUpdates", "result":"DeleteReceived", "context":{"id":"581eafbd-25d1-4534-be69-e79a81fa2cfa", "isDeleted:":"true", "version":"1702590140176"}}
{"logTime": "0107/125322", "correlationVector":"J1B1wBSQ2/sBwHoSEIjtqb.67","action":"GetUpdates", "result":"DeleteReceived", "context":{"id":"c719c8c8-21a2-4a37-a08d-b80710fece8c", "isDeleted:":"true", "version":"1702591064917"}}
{"logTime": "0107/125322", "correlationVector":"J1B1wBSQ2/sBwHoSEIjtqb.68","action":"GetUpdates", "result":"DeleteReceived", "context":{"id":"2d029676-b43a-45fd-a322-a4dd1f0c3522", "isDeleted:":"true", "version":"1702603806648"}}
{"logTime": "0107/125322", "correlationVector":"J1B1wBSQ2/sBwHoSEIjtqb.69","action":"GetUpdates", "result":"DeleteReceived", "context":{"id":"19c7b118-d309-47e1-bfc9-f48772c37a7f", "isDeleted:":"true", "version":"1702618726157"}}
{"logTime": "0107/125322", "correlationVector":"J1B1wBSQ2/sBwHoSEIjtqb.70","action":"GetUpdates", "result":"DeleteReceived", "context":{"id":"83cf7af8-f579-4e00-92ac-363cdaa0789b", "isDeleted:":"true", "version":"1702622746868"}}
{"logTime": "0107/125322", "correlationVector":"J1B1wBSQ2/sBwHoSEIjtqb.71","action":"GetUpdates", "result":"DeleteReceived", "context":{"id":"beaa640b-0303-4ae1-8140-cda32d753b45", "isDeleted:":"true", "version":"1702622746871"}}
{"logTime": "0107/125322", "correlationVector":"J1B1wBSQ2/sBwHoSEIjtqb.72","action":"GetUpdates", "result":"DeleteReceived", "context":{"id":"d698a38b-200b-4ed4-8bbd-292a1182d0b1", "isDeleted:":"true", "version":"1702644430292"}}
{"logTime": "0107/125322", "correlationVector":"J1B1wBSQ2/sBwHoSEIjtqb.73","action":"GetUpdates", "result":"DeleteReceived", "context":{"id":"98520f4e-8285-4a88-be9b-e96873d99155", "isDeleted:":"true", "version":"1702644430293"}}
{"logTime": "0107/125322", "correlationVector":"J1B1wBSQ2/sBwHoSEIjtqb.74","action":"GetUpdates", "result":"DeleteReceived", "context":{"id":"c1b5f383-fa3b-4f30-a8be-f0d67f882a81", "isDeleted:":"true", "version":"1702644430294"}}
{"logTime": "0107/125322", "correlationVector":"J1B1wBSQ2/sBwHoSEIjtqb.75","action":"GetUpdates", "result":"DeleteReceived", "context":{"id":"78061c4d-0927-4044-910e-85c038324358", "isDeleted:":"true", "version":"1702650170306"}}
{"logTime": "0107/125322", "correlationVector":"J1B1wBSQ2/sBwHoSEIjtqb.76","action":"GetUpdates", "result":"DeleteReceived", "context":{"id":"4109cfe0-41be-460c-9cf6-bcfd8cce33c5", "isDeleted:":"true", "version":"1702650821710"}}
{"logTime": "0107/125322", "correlationVector":"J1B1wBSQ2/sBwHoSEIjtqb.77","action":"GetUpdates", "result":"DeleteReceived", "context":{"id":"6862b46d-155c-47f1-b2e3-5b0dffb22c7e", "isDeleted:":"true", "version":"1702654210024"}}
{"logTime": "0107/125322", "correlationVector":"J1B1wBSQ2/sBwHoSEIjtqb.78","action":"GetUpdates", "result":"DeleteReceived", "context":{"id":"90a5bba0-b210-46bb-bac7-c3f910f8aaf0", "isDeleted:":"true", "version":"1702654210026"}}
{"logTime": "0107/125322", "correlationVector":"J1B1wBSQ2/sBwHoSEIjtqb.79","action":"GetUpdates", "result":"DeleteReceived", "context":{"id":"3fddfd90-0246-44d4-9324-31b795e5aa66", "isDeleted:":"true", "version":"1702654210027"}}
{"logTime": "0107/125322", "correlationVector":"J1B1wBSQ2/sBwHoSEIjtqb.80","action":"GetUpdates", "result":"DeleteReceived", "context":{"id":"59589f84-fa44-46dd-b495-58760ef612b7", "isDeleted:":"true", "version":"1702682375450"}}
{"logTime": "0107/125322", "correlationVector":"J1B1wBSQ2/sBwHoSEIjtqb.81","action":"GetUpdates", "result":"DeleteReceived", "context":{"id":"35285ebf-3d03-4a79-9858-de43a320346b", "isDeleted:":"true", "version":"1702718147980"}}
{"logTime": "0107/125322", "correlationVector":"J1B1wBSQ2/sBwHoSEIjtqb.82","action":"GetUpdates", "result":"DeleteReceived", "context":{"id":"79ddd4e1-37e8-4210-b404-8dbf80e429dc", "isDeleted:":"true", "version":"1702725694858"}}
{"logTime": "0107/125322", "correlationVector":"J1B1wBSQ2/sBwHoSEIjtqb.83","action":"GetUpdates", "result":"DeleteReceived", "context":{"id":"c24921c1-a3a2-4e17-a21c-cd2a864ad03a", "isDeleted:":"true", "version":"1702737108669"}}
{"logTime": "0107/125322", "correlationVector":"J1B1wBSQ2/sBwHoSEIjtqb.84","action":"GetUpdates", "result":"DeleteReceived", "context":{"id":"17905cc8-1a23-4316-af5b-5f0a694cab5c", "isDeleted:":"true", "version":"1702807862437"}}
{"logTime": "0107/125322", "correlationVector":"J1B1wBSQ2/sBwHoSEIjtqb.85","action":"GetUpdates", "result":"DeleteReceived", "context":{"id":"ca19629d-788d-4ae1-bcc3-5d3910534b17", "isDeleted:":"true", "version":"1702807862438"}}
{"logTime": "0107/125322", "correlationVector":"J1B1wBSQ2/sBwHoSEIjtqb.86","action":"GetUpdates", "result":"DeleteReceived", "context":{"id":"875aead4-adf6-498d-b2cf-6c578ea9fed0", "isDeleted:":"true", "version":"1702807862439"}}
{"logTime": "0107/125322", "correlationVector":"J1B1wBSQ2/sBwHoSEIjtqb.87","action":"GetUpdates", "result":"DeleteReceived", "context":{"id":"8af7aea2-f56c-4aac-8a4d-b16c73facbd6", "isDeleted:":"true", "version":"1702807862440"}}
{"logTime": "0107/125322", "correlationVector":"J1B1wBSQ2/sBwHoSEIjtqb.88","action":"GetUpdates", "result":"DeleteReceived", "context":{"id":"6fa3e9c0-9ae1-486a-a080-a08cd2f22cc6", "isDeleted:":"true", "version":"1702807862441"}}
{"logTime": "0107/125322", "correlationVector":"J1B1wBSQ2/sBwHoSEIjtqb.89","action":"GetUpdates", "result":"DeleteReceived", "context":{"id":"ec509bc9-c9bd-4f70-be40-7b5d80cb19b0", "isDeleted:":"true", "version":"1702827843543"}}
{"logTime": "0107/125322", "correlationVector":"J1B1wBSQ2/sBwHoSEIjtqb.90","action":"GetUpdates", "result":"DeleteReceived", "context":{"id":"56f255dd-b956-4e73-add7-14be560fc692", "isDeleted:":"true", "version":"1702827843544"}}
{"logTime": "0107/125322", "correlationVector":"J1B1wBSQ2/sBwHoSEIjtqb.91","action":"GetUpdates", "result":"DeleteReceived", "context":{"id":"371e4c53-5770-49c9-9676-016b85d4ca2b", "isDeleted:":"true", "version":"1702827843545"}}
{"logTime": "0107/125322", "correlationVector":"J1B1wBSQ2/sBwHoSEIjtqb.92","action":"GetUpdates", "result":"DeleteReceived", "context":{"id":"6cd52f99-1476-40be-9515-8d545f6909f9", "isDeleted:":"true", "version":"1702827843546"}}
{"logTime": "0107/125322", "correlationVector":"J1B1wBSQ2/sBwHoSEIjtqb.93","action":"GetUpdates", "result":"DeleteReceived", "context":{"id":"b9895dc3-ca0f-42c2-ace4-c68abbb5bf73", "isDeleted:":"true", "version":"1702873560978"}}
{"logTime": "0107/125322", "correlationVector":"J1B1wBSQ2/sBwHoSEIjtqb.94","action":"GetUpdates", "result":"DeleteReceived", "context":{"id":"3a5d9478-72c0-46d4-862f-985bb8eb1fcb", "isDeleted:":"true", "version":"1702873560979"}}
{"logTime": "0107/125322", "correlationVector":"J1B1wBSQ2/sBwHoSEIjtqb.95","action":"GetUpdates", "result":"DeleteReceived", "context":{"id":"77c656f4-1f63-419d-912e-3085ebee3a7d", "isDeleted:":"true", "version":"1702877986352"}}
{"logTime": "0107/125322", "correlationVector":"J1B1wBSQ2/sBwHoSEIjtqb.96","action":"GetUpdates", "result":"DeleteReceived", "context":{"id":"6da6f10a-8692-4df9-8cb6-f91a265da2eb", "isDeleted:":"true", "version":"1702877986353"}}
{"logTime": "0107/125322", "correlationVector":"J1B1wBSQ2/sBwHoSEIjtqb.97","action":"GetUpdates", "result":"DeleteReceived", "context":{"id":"44c7eeb4-5268-409f-b710-d7cf1e8a093a", "isDeleted:":"true", "version":"1702901226208"}}
{"logTime": "0107/125322", "correlationVector":"J1B1wBSQ2/sBwHoSEIjtqb.98","action":"GetUpdates", "result":"DeleteReceived", "context":{"id":"0f221229-a2d3-496c-aab1-68c7d412f81c", "isDeleted:":"true", "version":"1702916456938"}}
{"logTime": "0107/125322", "correlationVector":"J1B1wBSQ2/sBwHoSEIjtqb.99","action":"GetUpdates", "result":"DeleteReceived", "context":{"id":"502ee36e-284d-4086-bae1-f998c69c4ead", "isDeleted:":"true", "version":"1702916585689"}}
{"logTime": "0107/125322", "correlationVector":"J1B1wBSQ2/sBwHoSEIjtqb.100","action":"GetUpdates", "result":"DeleteReceived", "context":{"id":"9f5834d7-469d-4832-9223-d08ec524c096", "isDeleted:":"true", "version":"1702957379816"}}
{"logTime": "0107/125322", "correlationVector":"J1B1wBSQ2/sBwHoSEIjtqb.101","action":"GetUpdates", "result":"DeleteReceived", "context":{"id":"2228ebf4-046f-418f-b1b0-3fec0fc2de88", "isDeleted:":"true", "version":"1702957379817"}}
{"logTime": "0107/125322", "correlationVector":"J1B1wBSQ2/sBwHoSEIjtqb.102","action":"GetUpdates", "result":"DeleteReceived", "context":{"id":"3e8b2545-13a5-4ed1-b5da-83890d0a267a", "isDeleted:":"true", "version":"1702957379818"}}
{"logTime": "0107/125322", "correlationVector":"J1B1wBSQ2/sBwHoSEIjtqb.103","action":"GetUpdates", "result":"DeleteReceived", "context":{"id":"9d1f2dbe-c45e-4e33-9ad1-d88734fbc6e7", "isDeleted:":"true", "version":"1702957755348"}}
{"logTime": "0107/125322", "correlationVector":"J1B1wBSQ2/sBwHoSEIjtqb.104","action":"GetUpdates", "result":"DeleteReceived", "context":{"id":"a3d38f7a-24e0-4378-82dd-23895773f2b8", "isDeleted:":"true", "version":"1702986076188"}}
{"logTime": "0107/125322", "correlationVector":"J1B1wBSQ2/sBwHoSEIjtqb.105","action":"GetUpdates", "result":"DeleteReceived", "context":{"id":"c4221759-ea1d-4eb2-91d9-be98e9c44af7", "isDeleted:":"true", "version":"1702986076189"}}
{"logTime": "0107/125322", "correlationVector":"J1B1wBSQ2/sBwHoSEIjtqb.106","action":"GetUpdates", "result":"DeleteReceived", "context":{"id":"677bc1bc-ceb9-4e6d-ba2a-69699a864697", "isDeleted:":"true", "version":"1702986076190"}}
{"logTime": "0107/125322", "correlationVector":"J1B1wBSQ2/sBwHoSEIjtqb.107","action":"GetUpdates", "result":"DeleteReceived", "context":{"id":"bf73a98d-da69-4668-b7fe-e3e772b49da6", "isDeleted:":"true", "version":"1702986076191"}}
{"logTime": "0107/125322", "correlationVector":"J1B1wBSQ2/sBwHoSEIjtqb.108","action":"GetUpdates", "result":"DeleteReceived", "context":{"id":"85f09c5c-ae04-4bf6-8308-e6eb631cf072", "isDeleted:":"true", "version":"1702989523985"}}
{"logTime": "0107/125322", "correlationVector":"J1B1wBSQ2/sBwHoSEIjtqb.109","action":"GetUpdates", "result":"DeleteReceived", "context":{"id":"1ccecc1f-4de8-4b56-ac50-099b92c24e98", "isDeleted:":"true", "version":"1703029036954"}}
{"logTime": "0107/125322", "correlationVector":"J1B1wBSQ2/sBwHoSEIjtqb.110","action":"GetUpdates", "result":"DeleteReceived", "context":{"id":"f7b78f22-db44-4c38-9c22-d22656e98ee2", "isDeleted:":"true", "version":"1703029036955"}}
{"logTime": "0107/125322", "correlationVector":"J1B1wBSQ2/sBwHoSEIjtqb.111","action":"GetUpdates", "result":"DeleteReceived", "context":{"id":"cd8cbfa6-13de-4c59-a0a4-ebf6a292632e", "isDeleted:":"true", "version":"1703029036957"}}
{"logTime": "0107/125322", "correlationVector":"J1B1wBSQ2/sBwHoSEIjtqb.112","action":"GetUpdates", "result":"DeleteReceived", "context":{"id":"6ff7d4cb-3b8d-4b12-b63d-782dec5d075e", "isDeleted:":"true", "version":"1703029036958"}}
{"logTime": "0107/125322", "correlationVector":"J1B1wBSQ2/sBwHoSEIjtqb.113","action":"GetUpdates", "result":"DeleteReceived", "context":{"id":"d00f8357-b658-4afd-bb38-cd954797f12e", "isDeleted:":"true", "version":"1703029036959"}}
{"logTime": "0107/125322", "correlationVector":"J1B1wBSQ2/sBwHoSEIjtqb.114","action":"GetUpdates", "result":"DeleteReceived", "context":{"id":"1425b918-a8f6-42f7-bee9-110690419ced", "isDeleted:":"true", "version":"1703029036960"}}
{"logTime": "0107/125322", "correlationVector":"J1B1wBSQ2/sBwHoSEIjtqb.115","action":"GetUpdates", "result":"DeleteReceived", "context":{"id":"37080c82-3620-4f06-ba06-5d0411514a65", "isDeleted:":"true", "version":"1703044285583"}}
{"logTime": "0107/125322", "correlationVector":"J1B1wBSQ2/sBwHoSEIjtqb.116","action":"GetUpdates", "result":"DeleteReceived", "context":{"id":"b562a113-3ff5-4bfd-8363-b29209ba70b2", "isDeleted:":"true", "version":"1703044337563"}}
{"logTime": "0107/125322", "correlationVector":"J1B1wBSQ2/sBwHoSEIjtqb.117","action":"GetUpdates", "result":"DeleteReceived", "context":{"id":"badb41bd-4dd4-43f7-a528-35668b2f8e53", "isDeleted:":"true", "version":"1703045424193"}}
{"logTime": "0107/125322", "correlationVector":"J1B1wBSQ2/sBwHoSEIjtqb.118","action":"GetUpdates", "result":"DeleteReceived", "context":{"id":"587c31fa-68ea-4b6f-aa28-4b0857cfbabb", "isDeleted:":"true", "version":"1703045424194"}}
{"logTime": "0107/125322", "correlationVector":"J1B1wBSQ2/sBwHoSEIjtqb.119","action":"GetUpdates", "result":"DeleteReceived", "context":{"id":"c0ee0cf9-5a01-48d7-878b-1841e0d905be", "isDeleted:":"true", "version":"1703085215243"}}
{"logTime": "0107/125322", "correlationVector":"J1B1wBSQ2/sBwHoSEIjtqb.120","action":"GetUpdates", "result":"DeleteReceived", "context":{"id":"4d8580a4-ed89-4703-875b-88bf801a674d", "isDeleted:":"true", "version":"1703088034635"}}
{"logTime": "0107/125322", "correlationVector":"J1B1wBSQ2/sBwHoSEIjtqb.121","action":"GetUpdates", "result":"DeleteReceived", "context":{"id":"7f9d37b2-7bdd-40d7-b41d-e7295f2f4ae8", "isDeleted:":"true", "version":"1703088034636"}}
{"logTime": "0107/125322", "correlationVector":"J1B1wBSQ2/sBwHoSEIjtqb.122","action":"GetUpdates", "result":"DeleteReceived", "context":{"id":"835ee8b5-b053-47c9-91b6-e02cc8665ade", "isDeleted:":"true", "version":"1703088034637"}}
{"logTime": "0107/125322", "correlationVector":"J1B1wBSQ2/sBwHoSEIjtqb.123","action":"GetUpdates", "result":"DeleteReceived", "context":{"id":"8564956d-002d-431b-bbb1-b0313f8043ce", "isDeleted:":"true", "version":"1703109162051"}}
{"logTime": "0107/125322", "correlationVector":"J1B1wBSQ2/sBwHoSEIjtqb.124","action":"GetUpdates", "result":"DeleteReceived", "context":{"id":"91026f43-baa0-4a27-8df4-81ebac2cfe1f", "isDeleted:":"true", "version":"1703115563252"}}
{"logTime": "0107/125322", "correlationVector":"J1B1wBSQ2/sBwHoSEIjtqb.125","action":"GetUpdates", "result":"DeleteReceived", "context":{"id":"534de876-0c67-4bba-a305-49b36b014c3d", "isDeleted:":"true", "version":"1703120111684"}}
{"logTime": "0107/125322", "correlationVector":"J1B1wBSQ2/sBwHoSEIjtqb.126","action":"GetUpdates", "result":"DeleteReceived", "context":{"id":"30acbd09-cce1-4332-a254-ec2a60f4e695", "isDeleted:":"true", "version":"1703150526920"}}
{"logTime": "0107/125322", "correlationVector":"J1B1wBSQ2/sBwHoSEIjtqb.127","action":"GetUpdates", "result":"DeleteReceived", "context":{"id":"abb7a5e1-b807-423b-89cb-bdc26f04ddb2", "isDeleted:":"true", "version":"1703165605318"}}
{"logTime": "0107/125322", "correlationVector":"J1B1wBSQ2/sBwHoSEIjtqb.128","action":"GetUpdates", "result":"DeleteReceived", "context":{"id":"9272f37c-6a7f-4745-a7c4-2223fc061714", "isDeleted:":"true", "version":"1703215837113"}}
{"logTime": "0107/125322", "correlationVector":"J1B1wBSQ2/sBwHoSEIjtqb.129","action":"GetUpdates", "result":"DeleteReceived", "context":{"id":"a09edc6a-4a42-43b5-aa4a-1bd2a29c4483", "isDeleted:":"true", "version":"1703215837114"}}
{"logTime": "0107/125322", "correlationVector":"J1B1wBSQ2/sBwHoSEIjtqb.130","action":"GetUpdates", "result":"DeleteReceived", "context":{"id":"57f6f55f-3402-46d6-8e1e-f73d8ea05f4a", "isDeleted:":"true", "version":"1703215837115"}}
{"logTime": "0107/125322", "correlationVector":"J1B1wBSQ2/sBwHoSEIjtqb.131","action":"GetUpdates", "result":"DeleteReceived", "context":{"id":"c0c21ae8-3796-485d-adba-9ba520c567c0", "isDeleted:":"true", "version":"1703215837116"}}
{"logTime": "0107/125322", "correlationVector":"J1B1wBSQ2/sBwHoSEIjtqb.132","action":"GetUpdates", "result":"DeleteReceived", "context":{"id":"aec576f0-76d7-4b9c-86c8-10ecb095072d", "isDeleted:":"true", "version":"1703223861301"}}
{"logTime": "0107/125322", "correlationVector":"J1B1wBSQ2/sBwHoSEIjtqb.133","action":"GetUpdates", "result":"DeleteReceived", "context":{"id":"47cebba8-ca5f-42a1-b626-dbd81eadf590", "isDeleted:":"true", "version":"1703236350818"}}
{"logTime": "0107/125322", "correlationVector":"J1B1wBSQ2/sBwHoSEIjtqb.134","action":"GetUpdates", "result":"DeleteReceived", "context":{"id":"5b880629-d639-4b35-9fd1-f36ad1965e87", "isDeleted:":"true", "version":"1703242609875"}}
{"logTime": "0107/125322", "correlationVector":"J1B1wBSQ2/sBwHoSEIjtqb.135","action":"GetUpdates", "result":"DeleteReceived", "context":{"id":"6085ef3d-4d92-4598-a4d1-bd6e2a33e93e", "isDeleted:":"true", "version":"1703245139749"}}
{"logTime": "0107/125322", "correlationVector":"J1B1wBSQ2/sBwHoSEIjtqb.136","action":"GetUpdates", "result":"DeleteReceived", "context":{"id":"56158116-64a9-47bc-b93e-5a23a6519ec2", "isDeleted:":"true", "version":"1703260841419"}}
{"logTime": "0107/125322", "correlationVector":"J1B1wBSQ2/sBwHoSEIjtqb.137","action":"GetUpdates", "result":"DeleteReceived", "context":{"id":"82201f15-dcbf-410a-9f88-ed711bd3cf8c", "isDeleted:":"true", "version":"1703260841420"}}
{"logTime": "0107/125322", "correlationVector":"J1B1wBSQ2/sBwHoSEIjtqb.138","action":"GetUpdates", "result":"DeleteReceived", "context":{"id":"f625e22d-2e0e-4165-8998-9b94fc344f49", "isDeleted:":"true", "version":"1703266446706"}}
{"logTime": "0107/125322", "correlationVector":"J1B1wBSQ2/sBwHoSEIjtqb.139","action":"GetUpdates", "result":"DeleteReceived", "context":{"id":"33287d47-0268-486e-a354-b43e58f7bd22", "isDeleted:":"true", "version":"1703266446707"}}
{"logTime": "0107/125322", "correlationVector":"J1B1wBSQ2/sBwHoSEIjtqb.140","action":"GetUpdates", "result":"DeleteReceived", "context":{"id":"cd99a48c-847d-4d5c-9b12-3e754a664044", "isDeleted:":"true", "version":"1703402816446"}}
{"logTime": "0107/125322", "correlationVector":"J1B1wBSQ2/sBwHoSEIjtqb.141","action":"GetUpdates", "result":"DeleteReceived", "context":{"id":"80c7f27c-2632-40b2-9d65-23eb45e10e5c", "isDeleted:":"true", "version":"1703419175242"}}
{"logTime": "0107/125322", "correlationVector":"J1B1wBSQ2/sBwHoSEIjtqb.142","action":"GetUpdates", "result":"DeleteReceived", "context":{"id":"e89df3ab-c4f9-4a5a-8e0f-98e9fa4b3f7f", "isDeleted:":"true", "version":"1703430553271"}}
{"logTime": "0107/125322", "correlationVector":"J1B1wBSQ2/sBwHoSEIjtqb.143","action":"GetUpdates", "result":"DeleteReceived", "context":{"id":"b43066ba-f29b-465d-a9b5-e259b762b494", "isDeleted:":"true", "version":"1703592292708"}}
{"logTime": "0107/125322", "correlationVector":"J1B1wBSQ2/sBwHoSEIjtqb.144","action":"GetUpdates", "result":"DeleteReceived", "context":{"id":"764448e4-310a-45f3-990e-3b27f35b23e4", "isDeleted:":"true", "version":"1703635556282"}}
{"logTime": "0107/125322", "correlationVector":"J1B1wBSQ2/sBwHoSEIjtqb.145","action":"GetUpdates", "result":"DeleteReceived", "context":{"id":"f975ed3d-97a2-448b-817c-8728a93c6f23", "isDeleted:":"true", "version":"1703635556283"}}
{"logTime": "0107/125322", "correlationVector":"J1B1wBSQ2/sBwHoSEIjtqb.146","action":"GetUpdates", "result":"DeleteReceived", "context":{"id":"2a76867b-85b0-4567-b97d-c0dd3c6c5eb1", "isDeleted:":"true", "version":"1703635556284"}}
{"logTime": "0107/125322", "correlationVector":"J1B1wBSQ2/sBwHoSEIjtqb.147","action":"GetUpdates", "result":"DeleteReceived", "context":{"id":"7898e58e-fdd6-401f-a299-d9f3c99c7c8d", "isDeleted:":"true", "version":"1703637430640"}}
{"logTime": "0107/125322", "correlationVector":"J1B1wBSQ2/sBwHoSEIjtqb.148","action":"GetUpdates", "result":"DeleteReceived", "context":{"id":"8a73618e-10b1-4488-b17d-269c9bcccbd7", "isDeleted:":"true", "version":"1703637430641"}}
{"logTime": "0107/125322", "correlationVector":"J1B1wBSQ2/sBwHoSEIjtqb.149","action":"GetUpdates", "result":"DeleteReceived", "context":{"id":"6416249a-d83a-4021-b710-0c946126b32f", "isDeleted:":"true", "version":"1703637430642"}}
{"logTime": "0107/125322", "correlationVector":"J1B1wBSQ2/sBwHoSEIjtqb.150","action":"GetUpdates", "result":"DeleteReceived", "context":{"id":"9d6e53a6-dd21-4b17-bf9c-f96a4fa31fed", "isDeleted:":"true", "version":"1703640247492"}}
{"logTime": "0107/125322", "correlationVector":"J1B1wBSQ2/sBwHoSEIjtqb.151","action":"GetUpdates", "result":"DeleteReceived", "context":{"id":"6ee69d78-ce06-4ef6-a707-929386b30652", "isDeleted:":"true", "version":"1703640247494"}}
{"logTime": "0107/125322", "correlationVector":"J1B1wBSQ2/sBwHoSEIjtqb.152","action":"GetUpdates", "result":"DeleteReceived", "context":{"id":"ba1998d8-deec-4c00-8c6e-1a5376307867", "isDeleted:":"true", "version":"1703640247495"}}
{"logTime": "0107/125322", "correlationVector":"J1B1wBSQ2/sBwHoSEIjtqb.153","action":"GetUpdates", "result":"DeleteReceived", "context":{"id":"36f6cfe6-2abd-40a5-960c-d111f3394f31", "isDeleted:":"true", "version":"1703641137484"}}
{"logTime": "0107/125322", "correlationVector":"J1B1wBSQ2/sBwHoSEIjtqb.154","action":"GetUpdates", "result":"DeleteReceived", "context":{"id":"f784776c-78b6-4945-a81b-84de75c27065", "isDeleted:":"true", "version":"1703641137485"}}
{"logTime": "0107/125322", "correlationVector":"J1B1wBSQ2/sBwHoSEIjtqb.155","action":"GetUpdates", "result":"DeleteReceived", "context":{"id":"6e477e6c-d470-48db-a9bf-8dc0e81b123e", "isDeleted:":"true", "version":"1703668949632"}}
{"logTime": "0107/125322", "correlationVector":"J1B1wBSQ2/sBwHoSEIjtqb.156","action":"GetUpdates", "result":"DeleteReceived", "context":{"id":"24823c33-28d9-40a0-92c9-3b4528edc8ee", "isDeleted:":"true", "version":"1703692947662"}}
{"logTime": "0107/125322", "correlationVector":"J1B1wBSQ2/sBwHoSEIjtqb.157","action":"GetUpdates", "result":"DeleteReceived", "context":{"id":"b7dda097-42c5-49c1-8df7-c8f19a04dd5e", "isDeleted:":"true", "version":"1703763279213"}}
{"logTime": "0107/125322", "correlationVector":"J1B1wBSQ2/sBwHoSEIjtqb.158","action":"GetUpdates", "result":"DeleteReceived", "context":{"id":"a7ee3183-3c14-4232-92b3-e5a82b43f542", "isDeleted:":"true", "version":"1703768277688"}}
{"logTime": "0107/125322", "correlationVector":"J1B1wBSQ2/sBwHoSEIjtqb.159","action":"GetUpdates", "result":"DeleteReceived", "context":{"id":"91cacdef-3ee4-40fb-8f1c-451c0392687f", "isDeleted:":"true", "version":"1703768679211"}}
{"logTime": "0107/125322", "correlationVector":"J1B1wBSQ2/sBwHoSEIjtqb.160","action":"GetUpdates", "result":"DeleteReceived", "context":{"id":"dae4cd2a-2a68-43e0-ae4c-bd4c2cafa495", "isDeleted:":"true", "version":"1703802735353"}}
{"logTime": "0107/125322", "correlationVector":"J1B1wBSQ2/sBwHoSEIjtqb.161","action":"GetUpdates", "result":"DeleteReceived", "context":{"id":"8bcf0b25-d34e-4dea-9691-6ba1560910fe", "isDeleted:":"true", "version":"1703802735354"}}
{"logTime": "0107/125322", "correlationVector":"J1B1wBSQ2/sBwHoSEIjtqb.162","action":"GetUpdates", "result":"DeleteReceived", "context":{"id":"0eee1b80-7e94-4012-b2fd-92a77931e001", "isDeleted:":"true", "version":"1703802735355"}}
{"logTime": "0107/125322", "correlationVector":"J1B1wBSQ2/sBwHoSEIjtqb.163","action":"GetUpdates", "result":"DeleteReceived", "context":{"id":"2fbb66c9-f218-4406-83fe-667d46eec46f", "isDeleted:":"true", "version":"1703850909734"}}
{"logTime": "0107/125322", "correlationVector":"J1B1wBSQ2/sBwHoSEIjtqb.164","action":"GetUpdates", "result":"DeleteReceived", "context":{"id":"43a6b92a-89db-487e-a91c-5abd1709b01c", "isDeleted:":"true", "version":"1703850909735"}}
{"logTime": "0107/125322", "correlationVector":"J1B1wBSQ2/sBwHoSEIjtqb.165","action":"GetUpdates", "result":"DeleteReceived", "context":{"id":"1551763d-89f1-490a-97d8-95cebe6cb774", "isDeleted:":"true", "version":"1703861658519"}}
{"logTime": "0107/125322", "correlationVector":"J1B1wBSQ2/sBwHoSEIjtqb.166","action":"GetUpdates", "result":"DeleteReceived", "context":{"id":"75af30e1-6449-48dc-84d3-9d32f1f8d1e2", "isDeleted:":"true", "version":"1704025769626"}}
{"logTime": "0107/125322", "correlationVector":"J1B1wBSQ2/sBwHoSEIjtqb.167","action":"GetUpdates", "result":"DeleteReceived", "context":{"id":"d14c961e-8608-47a8-b776-64bf79a6a066", "isDeleted:":"true", "version":"1704036447926"}}
{"logTime": "0107/125322", "correlationVector":"J1B1wBSQ2/sBwHoSEIjtqb.168","action":"GetUpdates", "result":"DeleteReceived", "context":{"id":"97b16f55-f41d-4a4f-9299-a552c75b2142", "isDeleted:":"true", "version":"1704036793795"}}
{"logTime": "0107/125322", "correlationVector":"J1B1wBSQ2/sBwHoSEIjtqb.169","action":"GetUpdates", "result":"DeleteReceived", "context":{"id":"37fe2d33-c67c-4266-90d1-b63325461b7e", "isDeleted:":"true", "version":"1704114460137"}}
{"logTime": "0107/125322", "correlationVector":"J1B1wBSQ2/sBwHoSEIjtqb.170","action":"GetUpdates", "result":"DeleteReceived", "context":{"id":"a8877ff6-629b-4c4c-82ab-f301d4479041", "isDeleted:":"true", "version":"1704114460138"}}
{"logTime": "0107/125322", "correlationVector":"J1B1wBSQ2/sBwHoSEIjtqb.171","action":"GetUpdates", "result":"DeleteReceived", "context":{"id":"3c3b3d5f-fec2-435d-b951-0697589c6dda", "isDeleted:":"true", "version":"1704120437104"}}
{"logTime": "0107/125322", "correlationVector":"J1B1wBSQ2/sBwHoSEIjtqb.172","action":"GetUpdates", "result":"DeleteReceived", "context":{"id":"3a9b848c-9ef0-475c-b8f1-f5434c3b2191", "isDeleted:":"true", "version":"1704121049183"}}
{"logTime": "0107/125322", "correlationVector":"J1B1wBSQ2/sBwHoSEIjtqb.173","action":"GetUpdates", "result":"DeleteReceived", "context":{"id":"e62f5530-884b-4aa4-9060-12904ce0c274", "isDeleted:":"true", "version":"1704121347913"}}
{"logTime": "0107/125322", "correlationVector":"J1B1wBSQ2/sBwHoSEIjtqb.174","action":"GetUpdates", "result":"DeleteReceived", "context":{"id":"19fd2405-a607-45cd-b7c3-2d101c9bfe98", "isDeleted:":"true", "version":"1704121347914"}}
{"logTime": "0107/125322", "correlationVector":"J1B1wBSQ2/sBwHoSEIjtqb.175","action":"GetUpdates", "result":"DeleteReceived", "context":{"id":"cdda7842-37d0-4997-8c35-527fd15b39cb", "isDeleted:":"true", "version":"1704236047572"}}
{"logTime": "0107/125322", "correlationVector":"J1B1wBSQ2/sBwHoSEIjtqb.176","action":"GetUpdates", "result":"DeleteReceived", "context":{"id":"8c767977-6577-458b-aacb-b9d93b5123d8", "isDeleted:":"true", "version":"1704236346233"}}
{"logTime": "0107/125322", "correlationVector":"J1B1wBSQ2/sBwHoSEIjtqb.177","action":"GetUpdates", "result":"DeleteReceived", "context":{"id":"51d790c3-f113-4980-9986-f32060c30f6f", "isDeleted:":"true", "version":"1704237269675"}}
{"logTime": "0107/125322", "correlationVector":"J1B1wBSQ2/sBwHoSEIjtqb.178","action":"GetUpdates", "result":"DeleteReceived", "context":{"id":"c7ad5510-3cd7-42c8-835b-ecba58472c60", "isDeleted:":"true", "version":"1704278933885"}}
{"logTime": "0107/125322", "correlationVector":"J1B1wBSQ2/sBwHoSEIjtqb.179","action":"GetUpdates", "result":"DeleteReceived", "context":{"id":"6a576c56-6522-4aaa-aa53-83469aaef172", "isDeleted:":"true", "version":"1704288219073"}}
{"logTime": "0107/125322", "correlationVector":"J1B1wBSQ2/sBwHoSEIjtqb.180","action":"GetUpdates", "result":"DeleteReceived", "context":{"id":"3de3793a-a9d6-415c-9c42-8787001d85e1", "isDeleted:":"true", "version":"1704330832058"}}
{"logTime": "0107/125322", "correlationVector":"J1B1wBSQ2/sBwHoSEIjtqb.181","action":"GetUpdates", "result":"DeleteReceived", "context":{"id":"422eccb3-7996-44a6-81bf-e33de806048f", "isDeleted:":"true", "version":"1704331398739"}}
{"logTime": "0107/125322", "correlationVector":"J1B1wBSQ2/sBwHoSEIjtqb.182","action":"GetUpdates", "result":"DeleteReceived", "context":{"id":"1dd94297-67a6-4a78-b9a3-96f58c2f14c9", "isDeleted:":"true", "version":"1704331490922"}}
{"logTime": "0107/125322", "correlationVector":"J1B1wBSQ2/sBwHoSEIjtqb.183","action":"GetUpdates", "result":"DeleteReceived", "context":{"id":"c685704c-efb0-4713-92e9-2cce9f097de7", "isDeleted:":"true", "version":"1704332830069"}}
{"logTime": "0107/125322", "correlationVector":"J1B1wBSQ2/sBwHoSEIjtqb.184","action":"GetUpdates", "result":"DeleteReceived", "context":{"id":"78bad69f-d8b6-4dd3-82bd-5811c1acbf52", "isDeleted:":"true", "version":"1704332830070"}}
{"logTime": "0107/125322", "correlationVector":"J1B1wBSQ2/sBwHoSEIjtqb.185","action":"GetUpdates", "result":"DeleteReceived", "context":{"id":"d5ccf722-8a5c-4dc9-a1b4-f2aa7650598a", "isDeleted:":"true", "version":"1704332830072"}}
{"logTime": "0107/125322", "correlationVector":"J1B1wBSQ2/sBwHoSEIjtqb.186","action":"GetUpdates", "result":"DeleteReceived", "context":{"id":"3fd6fc33-2e5f-4f97-aed3-b5e5856f0df1", "isDeleted:":"true", "version":"1704332830073"}}
{"logTime": "0107/125322", "correlationVector":"J1B1wBSQ2/sBwHoSEIjtqb.187","action":"GetUpdates", "result":"DeleteReceived", "context":{"id":"6fc8ee59-6966-4b1b-ada6-9f6f501d5b02", "isDeleted:":"true", "version":"1704333359669"}}
{"logTime": "0107/125322", "correlationVector":"J1B1wBSQ2/sBwHoSEIjtqb.188","action":"GetUpdates", "result":"DeleteReceived", "context":{"id":"5b167805-e05c-4fb5-bc47-5da41f81f7e3", "isDeleted:":"true", "version":"1704333359671"}}
{"logTime": "0107/125322", "correlationVector":"J1B1wBSQ2/sBwHoSEIjtqb.189","action":"GetUpdates", "result":"DeleteReceived", "context":{"id":"830cd282-9ba6-4dc5-98e4-5111ac5fb659", "isDeleted:":"true", "version":"1704334134864"}}
{"logTime": "0107/125322", "correlationVector":"J1B1wBSQ2/sBwHoSEIjtqb.190","action":"GetUpdates", "result":"DeleteReceived", "context":{"id":"0c2180b0-4190-413d-a20a-3e7d8a23b903", "isDeleted:":"true", "version":"1704349936756"}}
{"logTime": "0107/125322", "correlationVector":"J1B1wBSQ2/sBwHoSEIjtqb.191","action":"GetUpdates", "result":"DeleteReceived", "context":{"id":"3e0421b8-7520-4bd1-982b-637400cd1a22", "isDeleted:":"true", "version":"1704349936757"}}
{"logTime": "0107/125322", "correlationVector":"J1B1wBSQ2/sBwHoSEIjtqb.192","action":"GetUpdates", "result":"DeleteReceived", "context":{"id":"e6d7190c-4412-4f23-a055-892d17175492", "isDeleted:":"true", "version":"1704349936758"}}
{"logTime": "0107/125322", "correlationVector":"J1B1wBSQ2/sBwHoSEIjtqb.193","action":"GetUpdates", "result":"DeleteReceived", "context":{"id":"93b4e149-995a-40ae-b614-ea8357bbbdce", "isDeleted:":"true", "version":"1704349936759"}}
{"logTime": "0107/125322", "correlationVector":"J1B1wBSQ2/sBwHoSEIjtqb.194","action":"GetUpdates", "result":"DeleteReceived", "context":{"id":"4258464d-d009-4f6b-bd0a-c2ca93578c02", "isDeleted:":"true", "version":"1704370366204"}}
{"logTime": "0107/125322", "correlationVector":"J1B1wBSQ2/sBwHoSEIjtqb.195","action":"GetUpdates", "result":"DeleteReceived", "context":{"id":"ce2d3ca0-02a3-488b-9c03-b4214acde3a2", "isDeleted:":"true", "version":"1704370456025"}}
{"logTime": "0107/125322", "correlationVector":"J1B1wBSQ2/sBwHoSEIjtqb.196","action":"GetUpdates", "result":"DeleteReceived", "context":{"id":"2dbfc125-e613-4334-b76f-734a84b9ddb6", "isDeleted:":"true", "version":"1704370859239"}}
{"logTime": "0107/125322", "correlationVector":"J1B1wBSQ2/sBwHoSEIjtqb.197","action":"GetUpdates", "result":"DeleteReceived", "context":{"id":"e96b19b5-d9b1-4dee-8ff2-9f163ddc576d", "isDeleted:":"true", "version":"1704372595835"}}
{"logTime": "0107/125322", "correlationVector":"J1B1wBSQ2/sBwHoSEIjtqb.198","action":"GetUpdates", "result":"DeleteReceived", "context":{"id":"bdcff314-da5f-4495-a074-7b60ebe2d80f", "isDeleted:":"true", "version":"1704372595836"}}
{"logTime": "0107/125322", "correlationVector":"J1B1wBSQ2/sBwHoSEIjtqb.199","action":"GetUpdates", "result":"DeleteReceived", "context":{"id":"7dd60489-5c1f-42d6-8d3f-045d0ca23b50", "isDeleted:":"true", "version":"1704404520820"}}
{"logTime": "0107/125322", "correlationVector":"J1B1wBSQ2/sBwHoSEIjtqb.200","action":"GetUpdates", "result":"DeleteReceived", "context":{"id":"6d61c4f4-5b80-43fd-8203-0dade3bb6cdc", "isDeleted:":"true", "version":"1704404520821"}}
{"logTime": "0107/125322", "correlationVector":"J1B1wBSQ2/sBwHoSEIjtqb.201","action":"GetUpdates", "result":"DeleteReceived", "context":{"id":"ea3f3f52-33c4-4aa6-a9d0-dbbac2ff997f", "isDeleted:":"true", "version":"1704405256206"}}
{"logTime": "0107/125322", "correlationVector":"J1B1wBSQ2/sBwHoSEIjtqb.202","action":"GetUpdates", "result":"DeleteReceived", "context":{"id":"288b88c9-f59c-4be0-9e80-785e541d3ad8", "isDeleted:":"true", "version":"1704421185112"}}
{"logTime": "0107/125322", "correlationVector":"J1B1wBSQ2/sBwHoSEIjtqb.203","action":"GetUpdates", "result":"DeleteReceived", "context":{"id":"358118e8-c19a-4743-b641-7e6bafb7d096", "isDeleted:":"true", "version":"1704421185113"}}
{"logTime": "0107/125322", "correlationVector":"J1B1wBSQ2/sBwHoSEIjtqb.204","action":"GetUpdates", "result":"DeleteReceived", "context":{"id":"f97f4753-4248-4219-82b5-4645394bc19f", "isDeleted:":"true", "version":"1704421185114"}}
{"logTime": "0107/125322", "correlationVector":"J1B1wBSQ2/sBwHoSEIjtqb.205","action":"GetUpdates", "result":"DeleteReceived", "context":{"id":"192e3a13-6689-4453-ac2a-76f24411c5b8", "isDeleted:":"true", "version":"1704421185115"}}
{"logTime": "0107/125322", "correlationVector":"J1B1wBSQ2/sBwHoSEIjtqb.206","action":"GetUpdates", "result":"DeleteReceived", "context":{"id":"c1524c90-c2d2-437d-bf47-53c347513e2c", "isDeleted:":"true", "version":"1704421185116"}}
{"logTime": "0107/125322", "correlationVector":"J1B1wBSQ2/sBwHoSEIjtqb.207","action":"GetUpdates", "result":"DeleteReceived", "context":{"id":"a2096b46-7a4e-4142-b3ed-35cb6e6b5ffc", "isDeleted:":"true", "version":"1704421185117"}}
{"logTime": "0107/125322", "correlationVector":"J1B1wBSQ2/sBwHoSEIjtqb.208","action":"GetUpdates Response", "result":"SERVER_MORE_TO_DOWNLOAD", "context":Received 250 update(s).  Some updates remain.}
{"logTime": "0107/125322", "correlationVector":"z7UuIQRtpW0rmBrhO3iu9p","action":"Initial GetUpdates", "result":"", "context":Reason: NEWLY_SUPPORTED_DATATYPE. cV=z7UuIQRtpW0rmBrhO3iu9p}
{"logTime": "0107/125322", "correlationVector":"z7UuIQRtpW0rmBrhO3iu9p.1","action":"SyncServerConnectionManagerRequest", "result":"SYNC_SERVER_OK", "context":{"environment":"Prod_SoutheastAsia_000j", "migrationStage":"NotStarted", "server":"GENERAL0300000Z"}}
{"logTime": "0107/125323", "correlationVector":"z7UuIQRtpW0rmBrhO3iu9p.2","action":"GetUpdates", "result":"DeleteReceived", "context":{"id":"5c0cfb7d-95ee-4f59-a976-8d5ac6fe96e3", "isDeleted:":"true", "version":"1704433602160"}}
{"logTime": "0107/125323", "correlationVector":"z7UuIQRtpW0rmBrhO3iu9p.3","action":"GetUpdates", "result":"DeleteReceived", "context":{"id":"8b36cf26-6139-4e44-b938-7dabc4512e35", "isDeleted:":"true", "version":"1704549723768"}}
{"logTime": "0107/125323", "correlationVector":"z7UuIQRtpW0rmBrhO3iu9p.4","action":"GetUpdates", "result":"DeleteReceived", "context":{"id":"a4598a17-d97b-4a58-a709-fbaa1e281c46", "isDeleted:":"true", "version":"1704549723769"}}
{"logTime": "0107/125323", "correlationVector":"z7UuIQRtpW0rmBrhO3iu9p.5","action":"GetUpdates", "result":"DeleteReceived", "context":{"id":"e2e2920b-a58c-4501-bcf5-b424f700bd2b", "isDeleted:":"true", "version":"1704549723770"}}
{"logTime": "0107/125323", "correlationVector":"z7UuIQRtpW0rmBrhO3iu9p.6","action":"GetUpdates", "result":"DeleteReceived", "context":{"id":"db8c618a-4769-45e9-8a69-051ecd253c06", "isDeleted:":"true", "version":"1704549723771"}}
{"logTime": "0107/125323", "correlationVector":"z7UuIQRtpW0rmBrhO3iu9p.7","action":"GetUpdates", "result":"DeleteReceived", "context":{"id":"eba6d320-70d7-4a64-957f-e26b8c223c74", "isDeleted:":"true", "version":"1704549992326"}}
{"logTime": "0107/125323", "correlationVector":"z7UuIQRtpW0rmBrhO3iu9p.8","action":"GetUpdates", "result":"DeleteReceived", "context":{"id":"f4a83477-30b1-408e-a534-64c3b8ad452d", "isDeleted:":"true", "version":"1704549992327"}}
{"logTime": "0107/125323", "correlationVector":"z7UuIQRtpW0rmBrhO3iu9p.9","action":"GetUpdates", "result":"DeleteReceived", "context":{"id":"5525d7de-1dea-47c8-8cea-b61e06dc7eba", "isDeleted:":"true", "version":"1704587867223"}}
{"logTime": "0107/125323", "correlationVector":"z7UuIQRtpW0rmBrhO3iu9p.10","action":"GetUpdates", "result":"DeleteReceived", "context":{"id":"cffd9257-33fb-4f83-8c02-67b658f36f1e", "isDeleted:":"true", "version":"1704587867224"}}
{"logTime": "0107/125323", "correlationVector":"z7UuIQRtpW0rmBrhO3iu9p.11","action":"GetUpdates", "result":"DeleteReceived", "context":{"id":"39966875-dcdb-4690-a9f8-8862e640020b", "isDeleted:":"true", "version":"1704587867225"}}
{"logTime": "0107/125323", "correlationVector":"z7UuIQRtpW0rmBrhO3iu9p.12","action":"GetUpdates", "result":"DeleteReceived", "context":{"id":"afc6bb8a-c64c-49ba-9b75-ae139056764b", "isDeleted:":"true", "version":"1704587867226"}}
{"logTime": "0107/125323", "correlationVector":"z7UuIQRtpW0rmBrhO3iu9p.13","action":"GetUpdates", "result":"DeleteReceived", "context":{"id":"a20d90b8-3aa9-431c-bf39-01c8ba732a45", "isDeleted:":"true", "version":"1704623744162"}}
{"logTime": "0107/125323", "correlationVector":"z7UuIQRtpW0rmBrhO3iu9p.14","action":"GetUpdates", "result":"DeleteReceived", "context":{"id":"2497d2e9-b661-4b47-bdc2-cd3d5e9716c2", "isDeleted:":"true", "version":"1704624504423"}}
{"logTime": "0107/125323", "correlationVector":"z7UuIQRtpW0rmBrhO3iu9p.15","action":"GetUpdates", "result":"DeleteReceived", "context":{"id":"24eed2da-723b-44a4-85c8-bfdc97670e00", "isDeleted:":"true", "version":"1704624554480"}}
{"logTime": "0107/125323", "correlationVector":"z7UuIQRtpW0rmBrhO3iu9p.16","action":"GetUpdates", "result":"DeleteReceived", "context":{"id":"837430b2-25fb-447c-a1ef-323142994610", "isDeleted:":"true", "version":"1704631446910"}}
{"logTime": "0107/125323", "correlationVector":"z7UuIQRtpW0rmBrhO3iu9p.17","action":"GetUpdates", "result":"DeleteReceived", "context":{"id":"669cb978-1758-4663-abf0-67a06a89b2d9", "isDeleted:":"true", "version":"1704631446911"}}
{"logTime": "0107/125323", "correlationVector":"z7UuIQRtpW0rmBrhO3iu9p.18","action":"GetUpdates Response", "result":"SYNCER_OK", "context":Received 25 update(s). cV=z7UuIQRtpW0rmBrhO3iu9p.0;server=GENERAL0300000Z;cloudType=Consumer;environment=Prod_SoutheastAsia_000j;migrationStage=NotStarted}
{"logTime": "0107/125323", "correlationVector":"gzxmIKdaFg2WlLdRdTq2M+","action":"Normal GetUpdate request", "result":"", "context":cV=gzxmIKdaFg2WlLdRdTq2M+
Nudged types: Bookmarks, Typed URLs, Sessions, Device Info
Refresh requested types: Bookmarks, Preferences, Passwords, Autofill Profiles, Autofill, Autofill Custom Data, Typed URLs, Extensions, Sessions, Extension settings, History Delete Directives, Device Info, User Consents, Send Tab To Self, Web Apps, Collection, Edge E Drop, Edge Hub App Usage, Edge Wallet, Encryption Keys}
{"logTime": "0107/125324", "correlationVector":"gzxmIKdaFg2WlLdRdTq2M+.1","action":"SyncServerConnectionManagerRequest", "result":"SYNC_SERVER_OK", "context":{"environment":"Prod_SoutheastAsia_000j", "migrationStage":"NotStarted", "server":"GENERAL03000001"}}
{"logTime": "0107/125324", "correlationVector":"gzxmIKdaFg2WlLdRdTq2M+.2","action":"GetUpdates Response", "result":"SYNCER_OK", "context":Received 0 update(s). cV=gzxmIKdaFg2WlLdRdTq2M+.0;server=GENERAL03000001;cloudType=Consumer;environment=Prod_SoutheastAsia_000j;migrationStage=NotStarted}
{"logTime": "0107/125324", "correlationVector":"hZhAuUNEycQnJv2qpO4gko","action":"Commit Request", "result":"", "context":Item count: 1
Contributing types: Device Info}
{"logTime": "0107/125324", "correlationVector":"hZhAuUNEycQnJv2qpO4gko.1","action":"SyncServerConnectionManagerRequest", "result":"SYNC_SERVER_OK", "context":{"environment":"Prod_SoutheastAsia_000j", "migrationStage":"NotStarted", "server":"GENERAL0100000J"}}
{"logTime": "0107/125324", "correlationVector":"hZhAuUNEycQnJv2qpO4gko.2","action":"Commit Response", "result":"SYNCER_OK", "context":Result: SYNCER_OK. cV=hZhAuUNEycQnJv2qpO4gko.0;server=GENERAL0100000J;cloudType=Consumer;environment=Prod_SoutheastAsia_000j;migrationStage=NotStarted}
{"logTime": "0107/125324", "correlationVector":"MWprPeCXy8ei/NLu+A7+Hv","action":"Commit Request", "result":"", "context":Item count: 16
Contributing types: Bookmarks, Typed URLs, Sessions}
{"logTime": "0107/125324", "correlationVector":"MWprPeCXy8ei/NLu+A7+Hv.1","action":"SyncServerConnectionManagerRequest", "result":"SYNC_SERVER_OK", "context":{"environment":"Prod_SoutheastAsia_000j", "migrationStage":"NotStarted", "server":"GENERAL03000009"}}
{"logTime": "0107/125325", "correlationVector":"MWprPeCXy8ei/NLu+A7+Hv.2","action":"Commit Response", "result":"SYNCER_OK", "context":Result: SYNCER_OK. cV=MWprPeCXy8ei/NLu+A7+Hv.0;server=GENERAL03000009;cloudType=Consumer;environment=Prod_SoutheastAsia_000j;migrationStage=NotStarted}
{"logTime": "0107/125326", "correlationVector":"kYbx1R6O7eciqU8ZVeJhji","action":"Commit Request", "result":"", "context":Item count: 2
Contributing types: Sessions, Web Apps}
{"logTime": "0107/125327", "correlationVector":"kYbx1R6O7eciqU8ZVeJhji.1","action":"SyncServerConnectionManagerRequest", "result":"SYNC_SERVER_OK", "context":{"environment":"Prod_SoutheastAsia_000j", "migrationStage":"NotStarted", "server":"GENERAL0300000D"}}
{"logTime": "0107/125327", "correlationVector":"kYbx1R6O7eciqU8ZVeJhji.2","action":"Commit Response", "result":"SYNCER_OK", "context":Result: SYNCER_OK. cV=kYbx1R6O7eciqU8ZVeJhji.0;server=GENERAL0300000D;cloudType=Consumer;environment=Prod_SoutheastAsia_000j;migrationStage=NotStarted}
{"logTime": "0107/125406", "correlationVector":"U/XPurplMLziQafbqYvPAR","action":"Commit Request", "result":"", "context":Item count: 20
Contributing types: Passwords}
{"logTime": "0107/125409", "correlationVector":"U/XPurplMLziQafbqYvPAR.1","action":"SyncServerConnectionManagerRequest", "result":"SYNC_SERVER_OK", "context":{"environment":"Prod_SoutheastAsia_000j", "migrationStage":"NotStarted", "server":"GENERAL0100001B"}}
{"logTime": "0107/125409", "correlationVector":"U/XPurplMLziQafbqYvPAR.2","action":"Commit Response", "result":"SYNCER_OK", "context":Result: SYNCER_OK. cV=U/XPurplMLziQafbqYvPAR.0;server=GENERAL0100001B;cloudType=Consumer;environment=Prod_SoutheastAsia_000j;migrationStage=NotStarted}
{"logTime": "0107/125409", "correlationVector":"UgQ/bKVlipi0nmb3IIIUAS","action":"Commit Request", "result":"", "context":Item count: 20
Contributing types: Passwords}
{"logTime": "0107/125410", "correlationVector":"UgQ/bKVlipi0nmb3IIIUAS.1","action":"SyncServerConnectionManagerRequest", "result":"SYNC_SERVER_OK", "context":{"environment":"Prod_SoutheastAsia_000j", "migrationStage":"NotStarted", "server":"GENERAL0300000E"}}
{"logTime": "0107/125410", "correlationVector":"UgQ/bKVlipi0nmb3IIIUAS.2","action":"Commit Response", "result":"SYNCER_OK", "context":Result: SYNCER_OK. cV=UgQ/bKVlipi0nmb3IIIUAS.0;server=GENERAL0300000E;cloudType=Consumer;environment=Prod_SoutheastAsia_000j;migrationStage=NotStarted}
{"logTime": "0107/125410", "correlationVector":"j4d+Cp49jAox2/NRJtOiLT","action":"Commit Request", "result":"", "context":Item count: 20
Contributing types: Passwords}
{"logTime": "0107/125411", "correlationVector":"j4d+Cp49jAox2/NRJtOiLT.1","action":"SyncServerConnectionManagerRequest", "result":"SYNC_SERVER_OK", "context":{"environment":"Prod_SoutheastAsia_000j", "migrationStage":"NotStarted", "server":"GENERAL03000023"}}
{"logTime": "0107/125411", "correlationVector":"j4d+Cp49jAox2/NRJtOiLT.2","action":"Commit Response", "result":"SYNCER_OK", "context":Result: SYNCER_OK. cV=j4d+Cp49jAox2/NRJtOiLT.0;server=GENERAL03000023;cloudType=Consumer;environment=Prod_SoutheastAsia_000j;migrationStage=NotStarted}
{"logTime": "0107/125411", "correlationVector":"cv3koKPfpAKx83u2XagVUk","action":"Commit Request", "result":"", "context":Item count: 20
Contributing types: Passwords}
{"logTime": "0107/125412", "correlationVector":"cv3koKPfpAKx83u2XagVUk.1","action":"SyncServerConnectionManagerRequest", "result":"SYNC_SERVER_OK", "context":{"environment":"Prod_SoutheastAsia_000j", "migrationStage":"NotStarted", "server":"GENERAL03000029"}}
{"logTime": "0107/125412", "correlationVector":"cv3koKPfpAKx83u2XagVUk.2","action":"Commit Response", "result":"SYNCER_OK", "context":Result: SYNCER_OK. cV=cv3koKPfpAKx83u2XagVUk.0;server=GENERAL03000029;cloudType=Consumer;environment=Prod_SoutheastAsia_000j;migrationStage=NotStarted}
{"logTime": "0107/125412", "correlationVector":"1TNys6DJU62ubmciowrDUB","action":"Commit Request", "result":"", "context":Item count: 2
Contributing types: Passwords}
{"logTime": "0107/125413", "correlationVector":"1TNys6DJU62ubmciowrDUB.1","action":"SyncServerConnectionManagerRequest", "result":"SYNC_SERVER_OK", "context":{"environment":"Prod_SoutheastAsia_000j", "migrationStage":"NotStarted", "server":"GENERAL0100000Z"}}
{"logTime": "0107/125413", "correlationVector":"1TNys6DJU62ubmciowrDUB.2","action":"Commit Response", "result":"SYNCER_OK", "context":Result: SYNCER_OK. cV=1TNys6DJU62ubmciowrDUB.0;server=GENERAL0100000Z;cloudType=Consumer;environment=Prod_SoutheastAsia_000j;migrationStage=NotStarted}
{"logTime": "0107/125413", "correlationVector":"JPvn2+E470335HIQDjhtkx","action":"Commit Request", "result":"", "context":Item count: 1
Contributing types: Preferences}
{"logTime": "0107/125414", "correlationVector":"JPvn2+E470335HIQDjhtkx.1","action":"SyncServerConnectionManagerRequest", "result":"SYNC_SERVER_OK", "context":{"environment":"Prod_SoutheastAsia_000j", "migrationStage":"NotStarted", "server":"GENERAL0100000F"}}
{"logTime": "0107/125414", "correlationVector":"JPvn2+E470335HIQDjhtkx.2","action":"Commit Response", "result":"SYNCER_OK", "context":Result: SYNCER_OK. cV=JPvn2+E470335HIQDjhtkx.0;server=GENERAL0100000F;cloudType=Consumer;environment=Prod_SoutheastAsia_000j;migrationStage=NotStarted}
{"logTime": "0107/125808", "correlationVector":"9f/s1WuYcBorEyoUxi+Erh","action":"Normal GetUpdate request", "result":"", "context":cV=9f/s1WuYcBorEyoUxi+Erh
Nudged types: Preferences
Refresh requested types: Bookmarks, Preferences, Passwords, Autofill Profiles, Autofill, Autofill Custom Data, Typed URLs, Extensions, Sessions, Extension settings, History Delete Directives, Device Info, User Consents, Send Tab To Self, Web Apps, Collection, Edge E Drop, Edge Hub App Usage, Edge Wallet, Encryption Keys}
{"logTime": "0107/125809", "correlationVector":"9f/s1WuYcBorEyoUxi+Erh.1","action":"SyncServerConnectionManagerRequest", "result":"SYNC_SERVER_OK", "context":{"environment":"Prod_SoutheastAsia_000j", "migrationStage":"NotStarted", "server":"GENERAL01000009"}}
{"logTime": "0107/125809", "correlationVector":"9f/s1WuYcBorEyoUxi+Erh.2","action":"GetUpdates Response", "result":"SYNCER_OK", "context":Received 101 update(s). cV=9f/s1WuYcBorEyoUxi+Erh.0;server=GENERAL01000009;cloudType=Consumer;environment=Prod_SoutheastAsia_000j;migrationStage=NotStarted}
{"logTime": "0107/125809", "correlationVector":"rP8QrxDJxDplk0f2VVdG+K","action":"Commit Request", "result":"", "context":Item count: 1
Contributing types: Preferences}
{"logTime": "0107/125810", "correlationVector":"rP8QrxDJxDplk0f2VVdG+K.1","action":"SyncServerConnectionManagerRequest", "result":"SYNC_SERVER_OK", "context":{"environment":"Prod_SoutheastAsia_000j", "migrationStage":"NotStarted", "server":"GENERAL03000001"}}
{"logTime": "0107/125810", "correlationVector":"rP8QrxDJxDplk0f2VVdG+K.2","action":"Commit Response", "result":"SYNCER_OK", "context":Result: SYNCER_OK. cV=rP8QrxDJxDplk0f2VVdG+K.0;server=GENERAL03000001;cloudType=Consumer;environment=Prod_SoutheastAsia_000j;migrationStage=NotStarted}
